0 verbose cli /usr/bin/node /usr/bin/npm
1 info using npm@9.2.0
2 info using node@v18.19.0
3 timing npm:load:whichnode Completed in 0ms
4 timing config:load:defaults Completed in 1ms
5 timing config:load:file:/usr/share/nodejs/npm/npmrc Completed in 1ms
6 timing config:load:builtin Completed in 1ms
7 timing config:load:cli Completed in 1ms
8 timing config:load:env Completed in 0ms
9 timing config:load:project Completed in 1ms
10 timing config:load:file:/var/www/.npmrc Completed in 1ms
11 timing config:load:user Completed in 1ms
12 timing config:load:file:/etc/npmrc Completed in 0ms
13 timing config:load:global Completed in 0ms
14 timing config:load:setEnvs Completed in 0ms
15 timing config:load Completed in 5ms
16 timing npm:load:configload Completed in 5ms
17 timing npm:load:mkdirpcache Completed in 1ms
18 timing npm:load:mkdirplogs Completed in 0ms
19 verbose title npm install
20 verbose argv "install"
21 timing npm:load:setTitle Completed in 1ms
22 timing config:load:flatten Completed in 1ms
23 timing npm:load:display Completed in 2ms
24 verbose logfile logs-max:10 dir:/var/www/.npm/_logs/2024-12-03T20_22_01_207Z-
25 verbose logfile /var/www/.npm/_logs/2024-12-03T20_22_01_207Z-debug-0.log
26 timing npm:load:logFile Completed in 4ms
27 timing npm:load:timers Completed in 0ms
28 timing npm:load:configScope Completed in 0ms
29 timing npm:load Completed in 15ms
30 silly logfile done cleaning log files
31 timing config:load:flatten Completed in 1ms
32 timing arborist:ctor Completed in 0ms
33 timing idealTree:init Completed in 71ms
34 timing idealTree:userRequests Completed in 0ms
35 silly idealTree buildDeps
36 silly fetch manifest @vitejs/plugin-vue@^5.0.0
37 timing arborist:ctor Completed in 0ms
38 http fetch GET 200 https://registry.npmjs.org/@vitejs%2fplugin-vue 404ms (cache miss)
39 silly fetch manifest vite@^5.0
40 http fetch GET 200 https://registry.npmjs.org/vite 93ms (cache miss)
41 silly fetch manifest @types/node@^18.0.0 || >=20.0.0
42 http fetch GET 200 https://registry.npmjs.org/@types%2fnode 115ms (cache miss)
43 silly fetch manifest less@*
44 http fetch GET 200 https://registry.npmjs.org/less 52ms (cache miss)
45 silly fetch manifest lightningcss@^1.21.0
46 http fetch GET 200 https://registry.npmjs.org/lightningcss 49ms (cache miss)
47 silly fetch manifest sass@^1.56.1
48 http fetch GET 200 https://registry.npmjs.org/sass 59ms (cache miss)
49 silly fetch manifest sass-embedded@*
50 http fetch GET 200 https://registry.npmjs.org/sass-embedded 59ms (cache miss)
51 silly fetch manifest stylus@*
52 http fetch GET 200 https://registry.npmjs.org/stylus 46ms (cache miss)
53 silly fetch manifest sugarss@*
54 http fetch GET 200 https://registry.npmjs.org/sugarss 46ms (cache miss)
55 silly fetch manifest postcss@^8.4.47
56 http fetch GET 200 https://registry.npmjs.org/postcss 55ms (cache miss)
57 silly fetch manifest terser@^5.4.0
58 http fetch GET 200 https://registry.npmjs.org/terser 63ms (cache miss)
59 silly fetch manifest vue@^3.4.0
60 http fetch GET 200 https://registry.npmjs.org/vue 57ms (cache miss)
61 silly fetch manifest typescript@*
62 http fetch GET 200 https://registry.npmjs.org/typescript 254ms (cache miss)
63 silly placeDep ROOT @vitejs/plugin-vue@5.2.1 OK for:  want: ^5.0.0
64 silly placeDep ROOT vue@3.5.13 OK for: @vitejs/plugin-vue@5.2.1 want: ^3.2.25
65 silly fetch manifest @vue/shared@3.5.13
66 silly fetch manifest @vue/compiler-dom@3.5.13
67 silly fetch manifest @vue/runtime-dom@3.5.13
68 silly fetch manifest @vue/server-renderer@3.5.13
69 silly fetch manifest @vue/compiler-sfc@3.5.13
70 http fetch GET 200 https://registry.npmjs.org/@vue%2fshared 221ms (cache miss)
71 http fetch GET 200 https://registry.npmjs.org/@vue%2fserver-renderer 241ms (cache miss)
72 http fetch GET 200 https://registry.npmjs.org/@vue%2fruntime-dom 249ms (cache miss)
73 http fetch GET 200 https://registry.npmjs.org/@vue%2fcompiler-dom 254ms (cache miss)
74 http fetch GET 200 https://registry.npmjs.org/@vue%2fcompiler-sfc 261ms (cache miss)
75 timing idealTree:#root Completed in 1750ms
76 timing idealTree:node_modules/@vitejs/plugin-vue Completed in 1ms
77 silly fetch manifest vue@3.5.13
78 silly placeDep ROOT @vue/compiler-dom@3.5.13 OK for: vue@3.5.13 want: 3.5.13
79 silly placeDep ROOT @vue/compiler-sfc@3.5.13 OK for: vue@3.5.13 want: 3.5.13
80 silly placeDep ROOT @vue/runtime-dom@3.5.13 OK for: vue@3.5.13 want: 3.5.13
81 silly placeDep ROOT @vue/server-renderer@3.5.13 OK for: vue@3.5.13 want: 3.5.13
82 silly placeDep ROOT @vue/shared@3.5.13 OK for: vue@3.5.13 want: 3.5.13
83 silly fetch manifest @vue/compiler-core@3.5.13
84 silly fetch manifest @babel/parser@^7.25.3
85 silly fetch manifest estree-walker@^2.0.2
86 silly fetch manifest magic-string@^0.30.11
87 silly fetch manifest @vue/compiler-ssr@3.5.13
88 silly fetch manifest csstype@^3.1.3
89 silly fetch manifest @vue/runtime-core@3.5.13
90 silly fetch manifest @vue/reactivity@3.5.13
91 http fetch GET 200 https://registry.npmjs.org/estree-walker 45ms (cache miss)
92 http fetch GET 200 https://registry.npmjs.org/magic-string 47ms (cache miss)
93 http fetch GET 200 https://registry.npmjs.org/@babel%2fparser 85ms (cache miss)
94 http fetch GET 200 https://registry.npmjs.org/@vue%2fruntime-core 102ms (cache miss)
95 http fetch GET 200 https://registry.npmjs.org/@vue%2fcompiler-core 111ms (cache miss)
96 http fetch GET 200 https://registry.npmjs.org/csstype 131ms (cache miss)
97 http fetch GET 200 https://registry.npmjs.org/@vue%2fcompiler-ssr 137ms (cache miss)
98 http fetch GET 200 https://registry.npmjs.org/@vue%2freactivity 858ms (cache miss)
99 timing idealTree:node_modules/vue Completed in 869ms
100 silly placeDep ROOT @vue/compiler-core@3.5.13 OK for: @vue/compiler-dom@3.5.13 want: 3.5.13
101 silly fetch manifest entities@^4.5.0
102 http fetch GET 200 https://registry.npmjs.org/entities 44ms (cache miss)
103 timing idealTree:node_modules/@vue/compiler-dom Completed in 48ms
104 silly placeDep ROOT @babel/parser@7.26.2 OK for: @vue/compiler-core@3.5.13 want: ^7.25.3
105 silly placeDep ROOT entities@4.5.0 OK for: @vue/compiler-core@3.5.13 want: ^4.5.0
106 silly placeDep ROOT estree-walker@2.0.2 OK for: @vue/compiler-core@3.5.13 want: ^2.0.2
107 silly fetch manifest @babel/types@^7.26.0
108 http fetch GET 200 https://registry.npmjs.org/@babel%2ftypes 77ms (cache miss)
109 timing idealTree:node_modules/@vue/compiler-core Completed in 85ms
110 silly placeDep ROOT @babel/types@7.26.0 OK for: @babel/parser@7.26.2 want: ^7.26.0
111 silly fetch manifest @babel/helper-string-parser@^7.25.9
112 silly fetch manifest @babel/helper-validator-identifier@^7.25.9
113 http fetch GET 200 https://registry.npmjs.org/@babel%2fhelper-validator-identifier 53ms (cache miss)
114 http fetch GET 200 https://registry.npmjs.org/@babel%2fhelper-string-parser 758ms (cache miss)
115 timing idealTree:node_modules/@babel/parser Completed in 763ms
116 silly placeDep ROOT @babel/helper-string-parser@7.25.9 OK for: @babel/types@7.26.0 want: ^7.25.9
117 silly placeDep ROOT @babel/helper-validator-identifier@7.25.9 OK for: @babel/types@7.26.0 want: ^7.25.9
118 timing idealTree:node_modules/@babel/types Completed in 8ms
119 timing idealTree:node_modules/@babel/helper-string-parser Completed in 0ms
120 timing idealTree:node_modules/@babel/helper-validator-identifier Completed in 0ms
121 silly placeDep ROOT @vue/compiler-ssr@3.5.13 OK for: @vue/compiler-sfc@3.5.13 want: 3.5.13
122 silly placeDep ROOT magic-string@0.30.14 OK for: @vue/compiler-sfc@3.5.13 want: ^0.30.11
123 timing idealTree:node_modules/@vue/compiler-sfc Completed in 5ms
124 timing idealTree:node_modules/@vue/compiler-ssr Completed in 0ms
125 silly placeDep ROOT @vue/reactivity@3.5.13 OK for: @vue/runtime-dom@3.5.13 want: 3.5.13
126 silly placeDep ROOT @vue/runtime-core@3.5.13 OK for: @vue/runtime-dom@3.5.13 want: 3.5.13
127 silly placeDep ROOT csstype@3.1.3 OK for: @vue/runtime-dom@3.5.13 want: ^3.1.3
128 timing idealTree:node_modules/@vue/runtime-dom Completed in 21ms
129 timing idealTree:node_modules/@vue/reactivity Completed in 0ms
130 timing idealTree:node_modules/@vue/runtime-core Completed in 0ms
131 timing idealTree:node_modules/@vue/server-renderer Completed in 0ms
132 timing idealTree:node_modules/@vue/shared Completed in 0ms
133 timing idealTree:node_modules/csstype Completed in 0ms
134 timing idealTree:node_modules/entities Completed in 0ms
135 timing idealTree:node_modules/estree-walker Completed in 0ms
136 timing idealTree:node_modules/magic-string Completed in 0ms
137 timing idealTree:buildDeps Completed in 3555ms
138 timing idealTree:fixDepFlags Completed in 7ms
139 timing idealTree Completed in 3643ms
140 timing reify:loadTrees Completed in 3644ms
141 timing reify:diffTrees Completed in 9ms
142 silly reify mark retired [ '/var/www/node_modules/@alloc/quick-lru' ]
143 silly reify mark retired [ '/var/www/node_modules/@isaacs/cliui' ]
144 silly reify mark retired [ '/var/www/node_modules/@jridgewell/gen-mapping' ]
145 silly reify mark retired [ '/var/www/node_modules/@jridgewell/resolve-uri' ]
146 silly reify mark retired [ '/var/www/node_modules/@jridgewell/set-array' ]
147 silly reify mark retired [ '/var/www/node_modules/@jridgewell/trace-mapping' ]
148 silly reify mark retired [ '/var/www/node_modules/@nodelib/fs.scandir' ]
149 silly reify mark retired [ '/var/www/node_modules/@nodelib/fs.stat' ]
150 silly reify mark retired [ '/var/www/node_modules/@nodelib/fs.walk' ]
151 silly reify mark retired [ '/var/www/node_modules/@pkgjs/parseargs' ]
152 silly reify mark retired [ '/var/www/node_modules/ansi-regex' ]
153 silly reify mark retired [ '/var/www/node_modules/any-promise' ]
154 silly reify mark retired [ '/var/www/node_modules/anymatch' ]
155 silly reify mark retired [ '/var/www/node_modules/arg' ]
156 silly reify mark retired [ '/var/www/node_modules/balanced-match' ]
157 silly reify mark retired [ '/var/www/node_modules/binary-extensions' ]
158 silly reify mark retired [ '/var/www/node_modules/brace-expansion' ]
159 silly reify mark retired [ '/var/www/node_modules/camelcase-css' ]
160 silly reify mark retired [ '/var/www/node_modules/commander' ]
161 silly reify mark retired [ '/var/www/node_modules/cross-spawn' ]
162 silly reify mark retired [ '/var/www/node_modules/cssesc', '/var/www/node_modules/.bin/cssesc' ]
163 silly reify mark retired [ '/var/www/node_modules/didyoumean' ]
164 silly reify mark retired [ '/var/www/node_modules/dlv' ]
165 silly reify mark retired [ '/var/www/node_modules/eastasianwidth' ]
166 silly reify mark retired [ '/var/www/node_modules/emoji-regex' ]
167 silly reify mark retired [ '/var/www/node_modules/fast-glob' ]
168 silly reify mark retired [ '/var/www/node_modules/fastq' ]
169 silly reify mark retired [ '/var/www/node_modules/foreground-child' ]
170 silly reify mark retired [ '/var/www/node_modules/function-bind' ]
171 silly reify mark retired [ '/var/www/node_modules/glob', '/var/www/node_modules/.bin/glob' ]
172 silly reify mark retired [ '/var/www/node_modules/glob-parent' ]
173 silly reify mark retired [ '/var/www/node_modules/hasown' ]
174 silly reify mark retired [ '/var/www/node_modules/is-binary-path' ]
175 silly reify mark retired [ '/var/www/node_modules/is-core-module' ]
176 silly reify mark retired [ '/var/www/node_modules/isexe' ]
177 silly reify mark retired [ '/var/www/node_modules/jackspeak' ]
178 silly reify mark retired [ '/var/www/node_modules/jiti', '/var/www/node_modules/.bin/jiti' ]
179 silly reify mark retired [ '/var/www/node_modules/lilconfig' ]
180 silly reify mark retired [ '/var/www/node_modules/lines-and-columns' ]
181 silly reify mark retired [ '/var/www/node_modules/lru-cache' ]
182 silly reify mark retired [ '/var/www/node_modules/merge2' ]
183 silly reify mark retired [ '/var/www/node_modules/minimatch' ]
184 silly reify mark retired [ '/var/www/node_modules/minipass' ]
185 silly reify mark retired [ '/var/www/node_modules/mz' ]
186 silly reify mark retired [ '/var/www/node_modules/normalize-path' ]
187 silly reify mark retired [ '/var/www/node_modules/object-assign' ]
188 silly reify mark retired [ '/var/www/node_modules/object-hash' ]
189 silly reify mark retired [ '/var/www/node_modules/package-json-from-dist' ]
190 silly reify mark retired [ '/var/www/node_modules/path-key' ]
191 silly reify mark retired [ '/var/www/node_modules/path-parse' ]
192 silly reify mark retired [ '/var/www/node_modules/path-scurry' ]
193 silly reify mark retired [ '/var/www/node_modules/pify' ]
194 silly reify mark retired [ '/var/www/node_modules/pirates' ]
195 silly reify mark retired [ '/var/www/node_modules/postcss-import' ]
196 silly reify mark retired [ '/var/www/node_modules/postcss-js' ]
197 silly reify mark retired [ '/var/www/node_modules/postcss-load-config' ]
198 silly reify mark retired [ '/var/www/node_modules/postcss-nested' ]
199 silly reify mark retired [ '/var/www/node_modules/postcss-selector-parser' ]
200 silly reify mark retired [ '/var/www/node_modules/queue-microtask' ]
201 silly reify mark retired [ '/var/www/node_modules/read-cache' ]
202 silly reify mark retired [
202 silly reify   '/var/www/node_modules/resolve',
202 silly reify   '/var/www/node_modules/.bin/resolve'
202 silly reify ]
203 silly reify mark retired [ '/var/www/node_modules/reusify' ]
204 silly reify mark retired [ '/var/www/node_modules/run-parallel' ]
205 silly reify mark retired [ '/var/www/node_modules/shebang-command' ]
206 silly reify mark retired [ '/var/www/node_modules/shebang-regex' ]
207 silly reify mark retired [ '/var/www/node_modules/signal-exit' ]
208 silly reify mark retired [ '/var/www/node_modules/string-width' ]
209 silly reify mark retired [ '/var/www/node_modules/string-width-cjs' ]
210 silly reify mark retired [ '/var/www/node_modules/strip-ansi' ]
211 silly reify mark retired [ '/var/www/node_modules/strip-ansi-cjs' ]
212 silly reify mark retired [
212 silly reify   '/var/www/node_modules/sucrase',
212 silly reify   '/var/www/node_modules/.bin/sucrase',
212 silly reify   '/var/www/node_modules/.bin/sucrase-node'
212 silly reify ]
213 silly reify mark retired [ '/var/www/node_modules/supports-preserve-symlinks-flag' ]
214 silly reify mark retired [
214 silly reify   '/var/www/node_modules/tailwindcss',
214 silly reify   '/var/www/node_modules/.bin/tailwind',
214 silly reify   '/var/www/node_modules/.bin/tailwindcss'
214 silly reify ]
215 silly reify mark retired [ '/var/www/node_modules/thenify' ]
216 silly reify mark retired [ '/var/www/node_modules/thenify-all' ]
217 silly reify mark retired [ '/var/www/node_modules/ts-interface-checker' ]
218 silly reify mark retired [ '/var/www/node_modules/util-deprecate' ]
219 silly reify mark retired [
219 silly reify   '/var/www/node_modules/which',
219 silly reify   '/var/www/node_modules/.bin/node-which'
219 silly reify ]
220 silly reify mark retired [ '/var/www/node_modules/wrap-ansi' ]
221 silly reify mark retired [ '/var/www/node_modules/wrap-ansi-cjs' ]
222 silly reify mark retired [ '/var/www/node_modules/yaml', '/var/www/node_modules/.bin/yaml' ]
223 silly reify moves {
223 silly reify   '/var/www/node_modules/@alloc/quick-lru': '/var/www/node_modules/@alloc/.quick-lru-0A8oJgNs',
223 silly reify   '/var/www/node_modules/@isaacs/cliui': '/var/www/node_modules/@isaacs/.cliui-Esyzgvn9',
223 silly reify   '/var/www/node_modules/@jridgewell/gen-mapping': '/var/www/node_modules/@jridgewell/.gen-mapping-WP7HgVkG',
223 silly reify   '/var/www/node_modules/@jridgewell/resolve-uri': '/var/www/node_modules/@jridgewell/.resolve-uri-Uo3IAGCT',
223 silly reify   '/var/www/node_modules/@jridgewell/set-array': '/var/www/node_modules/@jridgewell/.set-array-VwMDaBoR',
223 silly reify   '/var/www/node_modules/@jridgewell/trace-mapping': '/var/www/node_modules/@jridgewell/.trace-mapping-rC99OLRN',
223 silly reify   '/var/www/node_modules/@nodelib/fs.scandir': '/var/www/node_modules/@nodelib/.fs.scandir-me90puAX',
223 silly reify   '/var/www/node_modules/@nodelib/fs.stat': '/var/www/node_modules/@nodelib/.fs.stat-eweLYOsL',
223 silly reify   '/var/www/node_modules/@nodelib/fs.walk': '/var/www/node_modules/@nodelib/.fs.walk-PL1gygjB',
223 silly reify   '/var/www/node_modules/@pkgjs/parseargs': '/var/www/node_modules/@pkgjs/.parseargs-C3Q7ULN2',
223 silly reify   '/var/www/node_modules/ansi-regex': '/var/www/node_modules/.ansi-regex-u6ZwbMrZ',
223 silly reify   '/var/www/node_modules/any-promise': '/var/www/node_modules/.any-promise-QGHVD1fR',
223 silly reify   '/var/www/node_modules/anymatch': '/var/www/node_modules/.anymatch-xzbdaNJu',
223 silly reify   '/var/www/node_modules/arg': '/var/www/node_modules/.arg-jRxddRA4',
223 silly reify   '/var/www/node_modules/balanced-match': '/var/www/node_modules/.balanced-match-yUba6H6m',
223 silly reify   '/var/www/node_modules/binary-extensions': '/var/www/node_modules/.binary-extensions-X4NZlx3F',
223 silly reify   '/var/www/node_modules/brace-expansion': '/var/www/node_modules/.brace-expansion-XbDvjZz9',
223 silly reify   '/var/www/node_modules/camelcase-css': '/var/www/node_modules/.camelcase-css-TnpJYOIr',
223 silly reify   '/var/www/node_modules/commander': '/var/www/node_modules/.commander-cMrCpxiq',
223 silly reify   '/var/www/node_modules/cross-spawn': '/var/www/node_modules/.cross-spawn-PMyI8izL',
223 silly reify   '/var/www/node_modules/cssesc': '/var/www/node_modules/.cssesc-ZJtIz0VO',
223 silly reify   '/var/www/node_modules/.bin/cssesc': '/var/www/node_modules/.bin/.cssesc-pE7lht3M',
223 silly reify   '/var/www/node_modules/didyoumean': '/var/www/node_modules/.didyoumean-qHuYVR6n',
223 silly reify   '/var/www/node_modules/dlv': '/var/www/node_modules/.dlv-dhRTZvuO',
223 silly reify   '/var/www/node_modules/eastasianwidth': '/var/www/node_modules/.eastasianwidth-hx1Dtv02',
223 silly reify   '/var/www/node_modules/emoji-regex': '/var/www/node_modules/.emoji-regex-OYyDcg46',
223 silly reify   '/var/www/node_modules/fast-glob': '/var/www/node_modules/.fast-glob-s4tkgUa8',
223 silly reify   '/var/www/node_modules/fastq': '/var/www/node_modules/.fastq-A2vxJUHX',
223 silly reify   '/var/www/node_modules/foreground-child': '/var/www/node_modules/.foreground-child-lJcgTlCq',
223 silly reify   '/var/www/node_modules/function-bind': '/var/www/node_modules/.function-bind-nwyqtKTe',
223 silly reify   '/var/www/node_modules/glob': '/var/www/node_modules/.glob-rkIOcgyC',
223 silly reify   '/var/www/node_modules/.bin/glob': '/var/www/node_modules/.bin/.glob-Xp6nWiKD',
223 silly reify   '/var/www/node_modules/glob-parent': '/var/www/node_modules/.glob-parent-OWU3ce7k',
223 silly reify   '/var/www/node_modules/hasown': '/var/www/node_modules/.hasown-OoY1Bbk9',
223 silly reify   '/var/www/node_modules/is-binary-path': '/var/www/node_modules/.is-binary-path-3GyzdWtI',
223 silly reify   '/var/www/node_modules/is-core-module': '/var/www/node_modules/.is-core-module-HV6o8kQR',
223 silly reify   '/var/www/node_modules/isexe': '/var/www/node_modules/.isexe-x99J1OFV',
223 silly reify   '/var/www/node_modules/jackspeak': '/var/www/node_modules/.jackspeak-yin6jy4Z',
223 silly reify   '/var/www/node_modules/jiti': '/var/www/node_modules/.jiti-OYKEUAVA',
223 silly reify   '/var/www/node_modules/.bin/jiti': '/var/www/node_modules/.bin/.jiti-yYO0jzlI',
223 silly reify   '/var/www/node_modules/lilconfig': '/var/www/node_modules/.lilconfig-fborOJZt',
223 silly reify   '/var/www/node_modules/lines-and-columns': '/var/www/node_modules/.lines-and-columns-MNYrYRp1',
223 silly reify   '/var/www/node_modules/lru-cache': '/var/www/node_modules/.lru-cache-aziEORZK',
223 silly reify   '/var/www/node_modules/merge2': '/var/www/node_modules/.merge2-RCNIEsUE',
223 silly reify   '/var/www/node_modules/minimatch': '/var/www/node_modules/.minimatch-CD727OC3',
223 silly reify   '/var/www/node_modules/minipass': '/var/www/node_modules/.minipass-Hk5gg9XF',
223 silly reify   '/var/www/node_modules/mz': '/var/www/node_modules/.mz-z5HqEDjj',
223 silly reify   '/var/www/node_modules/normalize-path': '/var/www/node_modules/.normalize-path-unkMgdH0',
223 silly reify   '/var/www/node_modules/object-assign': '/var/www/node_modules/.object-assign-pYdluk1Q',
223 silly reify   '/var/www/node_modules/object-hash': '/var/www/node_modules/.object-hash-mIaj02zP',
223 silly reify   '/var/www/node_modules/package-json-from-dist': '/var/www/node_modules/.package-json-from-dist-8iNjU9qh',
223 silly reify   '/var/www/node_modules/path-key': '/var/www/node_modules/.path-key-qkXEl9LS',
223 silly reify   '/var/www/node_modules/path-parse': '/var/www/node_modules/.path-parse-tkV5W1i2',
223 silly reify   '/var/www/node_modules/path-scurry': '/var/www/node_modules/.path-scurry-3neOanu8',
223 silly reify   '/var/www/node_modules/pify': '/var/www/node_modules/.pify-gDyEQ097',
223 silly reify   '/var/www/node_modules/pirates': '/var/www/node_modules/.pirates-rtGm6Joh',
223 silly reify   '/var/www/node_modules/postcss-import': '/var/www/node_modules/.postcss-import-ixKt2r12',
223 silly reify   '/var/www/node_modules/postcss-js': '/var/www/node_modules/.postcss-js-9Ms33rWm',
223 silly reify   '/var/www/node_modules/postcss-load-config': '/var/www/node_modules/.postcss-load-config-wL6crkow',
223 silly reify   '/var/www/node_modules/postcss-nested': '/var/www/node_modules/.postcss-nested-EFv6APye',
223 silly reify   '/var/www/node_modules/postcss-selector-parser': '/var/www/node_modules/.postcss-selector-parser-gB8oEshD',
223 silly reify   '/var/www/node_modules/queue-microtask': '/var/www/node_modules/.queue-microtask-Yg8zo0Dr',
223 silly reify   '/var/www/node_modules/read-cache': '/var/www/node_modules/.read-cache-gqIS9T4j',
223 silly reify   '/var/www/node_modules/resolve': '/var/www/node_modules/.resolve-xNWYt3Zd',
223 silly reify   '/var/www/node_modules/.bin/resolve': '/var/www/node_modules/.bin/.resolve-F6X7PpTf',
223 silly reify   '/var/www/node_modules/reusify': '/var/www/node_modules/.reusify-bnV5CRjo',
223 silly reify   '/var/www/node_modules/run-parallel': '/var/www/node_modules/.run-parallel-wveaJdIK',
223 silly reify   '/var/www/node_modules/shebang-command': '/var/www/node_modules/.shebang-command-DxKAT5Hb',
223 silly reify   '/var/www/node_modules/shebang-regex': '/var/www/node_modules/.shebang-regex-xTtZ94CS',
223 silly reify   '/var/www/node_modules/signal-exit': '/var/www/node_modules/.signal-exit-l2la0wHT',
223 silly reify   '/var/www/node_modules/string-width': '/var/www/node_modules/.string-width-jbuYVGo3',
223 silly reify   '/var/www/node_modules/string-width-cjs': '/var/www/node_modules/.string-width-cjs-G12IYbL3',
223 silly reify   '/var/www/node_modules/strip-ansi': '/var/www/node_modules/.strip-ansi-J4lLAaSd',
223 silly reify   '/var/www/node_modules/strip-ansi-cjs': '/var/www/node_modules/.strip-ansi-cjs-ToNCk9mx',
223 silly reify   '/var/www/node_modules/sucrase': '/var/www/node_modules/.sucrase-T0gq0ZiY',
223 silly reify   '/var/www/node_modules/.bin/sucrase': '/var/www/node_modules/.bin/.sucrase-ERiat1xj',
223 silly reify   '/var/www/node_modules/.bin/sucrase-node': '/var/www/node_modules/.bin/.sucrase-node-7aPz4rfk',
223 silly reify   '/var/www/node_modules/supports-preserve-symlinks-flag': '/var/www/node_modules/.supports-preserve-symlinks-flag-IlL4Kebp',
223 silly reify   '/var/www/node_modules/tailwindcss': '/var/www/node_modules/.tailwindcss-LINsb47s',
223 silly reify   '/var/www/node_modules/.bin/tailwind': '/var/www/node_modules/.bin/.tailwind-3OkPrYAw',
223 silly reify   '/var/www/node_modules/.bin/tailwindcss': '/var/www/node_modules/.bin/.tailwindcss-S0jYOB5B',
223 silly reify   '/var/www/node_modules/thenify': '/var/www/node_modules/.thenify-Y3zHZX3I',
223 silly reify   '/var/www/node_modules/thenify-all': '/var/www/node_modules/.thenify-all-U2BBjyi7',
223 silly reify   '/var/www/node_modules/ts-interface-checker': '/var/www/node_modules/.ts-interface-checker-sw9QYcrx',
223 silly reify   '/var/www/node_modules/util-deprecate': '/var/www/node_modules/.util-deprecate-1Uh7dg4z',
223 silly reify   '/var/www/node_modules/which': '/var/www/node_modules/.which-0HeUJ4PL',
223 silly reify   '/var/www/node_modules/.bin/node-which': '/var/www/node_modules/.bin/.node-which-EX5Ld0R8',
223 silly reify   '/var/www/node_modules/wrap-ansi': '/var/www/node_modules/.wrap-ansi-B8utdXr9',
223 silly reify   '/var/www/node_modules/wrap-ansi-cjs': '/var/www/node_modules/.wrap-ansi-cjs-5kckmN9W',
223 silly reify   '/var/www/node_modules/yaml': '/var/www/node_modules/.yaml-Y7ov6PEW',
223 silly reify   '/var/www/node_modules/.bin/yaml': '/var/www/node_modules/.bin/.yaml-Xz7USBFc'
223 silly reify }
224 timing reify:retireShallow Completed in 51ms
225 timing reify:createSparse Completed in 28ms
226 timing reify:loadBundles Completed in 0ms
227 silly audit bulk request {
227 silly audit   '@esbuild/aix-ppc64': [ '0.21.5' ],
227 silly audit   '@esbuild/android-arm': [ '0.21.5' ],
227 silly audit   '@esbuild/android-arm64': [ '0.21.5' ],
227 silly audit   '@esbuild/android-x64': [ '0.21.5' ],
227 silly audit   '@esbuild/darwin-arm64': [ '0.21.5' ],
227 silly audit   '@esbuild/darwin-x64': [ '0.21.5' ],
227 silly audit   '@esbuild/freebsd-arm64': [ '0.21.5' ],
227 silly audit   '@esbuild/freebsd-x64': [ '0.21.5' ],
227 silly audit   '@esbuild/linux-arm': [ '0.21.5' ],
227 silly audit   '@esbuild/linux-arm64': [ '0.21.5' ],
227 silly audit   '@esbuild/linux-ia32': [ '0.21.5' ],
227 silly audit   '@esbuild/linux-loong64': [ '0.21.5' ],
227 silly audit   '@esbuild/linux-mips64el': [ '0.21.5' ],
227 silly audit   '@esbuild/linux-ppc64': [ '0.21.5' ],
227 silly audit   '@esbuild/linux-riscv64': [ '0.21.5' ],
227 silly audit   '@esbuild/linux-s390x': [ '0.21.5' ],
227 silly audit   '@esbuild/linux-x64': [ '0.21.5' ],
227 silly audit   '@esbuild/netbsd-x64': [ '0.21.5' ],
227 silly audit   '@esbuild/openbsd-x64': [ '0.21.5' ],
227 silly audit   '@esbuild/sunos-x64': [ '0.21.5' ],
227 silly audit   '@esbuild/win32-arm64': [ '0.21.5' ],
227 silly audit   '@esbuild/win32-ia32': [ '0.21.5' ],
227 silly audit   '@esbuild/win32-x64': [ '0.21.5' ],
227 silly audit   '@jridgewell/sourcemap-codec': [ '1.5.0' ],
227 silly audit   '@parcel/watcher': [ '2.5.0' ],
227 silly audit   '@parcel/watcher-android-arm64': [ '2.5.0' ],
227 silly audit   '@parcel/watcher-darwin-arm64': [ '2.5.0' ],
227 silly audit   '@parcel/watcher-darwin-x64': [ '2.5.0' ],
227 silly audit   '@parcel/watcher-freebsd-x64': [ '2.5.0' ],
227 silly audit   '@parcel/watcher-linux-arm-glibc': [ '2.5.0' ],
227 silly audit   '@parcel/watcher-linux-arm-musl': [ '2.5.0' ],
227 silly audit   '@parcel/watcher-linux-arm64-glibc': [ '2.5.0' ],
227 silly audit   '@parcel/watcher-linux-arm64-musl': [ '2.5.0' ],
227 silly audit   '@parcel/watcher-linux-x64-glibc': [ '2.5.0' ],
227 silly audit   '@parcel/watcher-linux-x64-musl': [ '2.5.0' ],
227 silly audit   '@parcel/watcher-win32-arm64': [ '2.5.0' ],
227 silly audit   '@parcel/watcher-win32-ia32': [ '2.5.0' ],
227 silly audit   '@parcel/watcher-win32-x64': [ '2.5.0' ],
227 silly audit   '@popperjs/core': [ '2.11.8' ],
227 silly audit   '@rollup/rollup-android-arm-eabi': [ '4.27.4' ],
227 silly audit   '@rollup/rollup-android-arm64': [ '4.27.4' ],
227 silly audit   '@rollup/rollup-darwin-arm64': [ '4.27.4' ],
227 silly audit   '@rollup/rollup-darwin-x64': [ '4.27.4' ],
227 silly audit   '@rollup/rollup-freebsd-arm64': [ '4.27.4' ],
227 silly audit   '@rollup/rollup-freebsd-x64': [ '4.27.4' ],
227 silly audit   '@rollup/rollup-linux-arm-gnueabihf': [ '4.27.4' ],
227 silly audit   '@rollup/rollup-linux-arm-musleabihf': [ '4.27.4' ],
227 silly audit   '@rollup/rollup-linux-arm64-gnu': [ '4.27.4' ],
227 silly audit   '@rollup/rollup-linux-arm64-musl': [ '4.27.4' ],
227 silly audit   '@rollup/rollup-linux-powerpc64le-gnu': [ '4.27.4' ],
227 silly audit   '@rollup/rollup-linux-riscv64-gnu': [ '4.27.4' ],
227 silly audit   '@rollup/rollup-linux-s390x-gnu': [ '4.27.4' ],
227 silly audit   '@rollup/rollup-linux-x64-gnu': [ '4.27.4' ],
227 silly audit   '@rollup/rollup-linux-x64-musl': [ '4.27.4' ],
227 silly audit   '@rollup/rollup-win32-arm64-msvc': [ '4.27.4' ],
227 silly audit   '@rollup/rollup-win32-ia32-msvc': [ '4.27.4' ],
227 silly audit   '@rollup/rollup-win32-x64-msvc': [ '4.27.4' ],
227 silly audit   '@types/estree': [ '1.0.6' ],
227 silly audit   'ansi-regex': [ '5.0.1' ],
227 silly audit   'ansi-styles': [ '4.3.0' ],
227 silly audit   asynckit: [ '0.4.0' ],
227 silly audit   autoprefixer: [ '10.4.20' ],
227 silly audit   axios: [ '1.7.8' ],
227 silly audit   bootstrap: [ '5.3.3' ],
227 silly audit   braces: [ '3.0.3' ],
227 silly audit   browserslist: [ '4.24.2' ],
227 silly audit   'caniuse-lite': [ '1.0.30001684' ],
227 silly audit   chalk: [ '4.1.2' ],
227 silly audit   'supports-color': [ '7.2.0', '8.1.1' ],
227 silly audit   chokidar: [ '4.0.1' ],
227 silly audit   cliui: [ '8.0.1' ],
227 silly audit   'emoji-regex': [ '8.0.0' ],
227 silly audit   'string-width': [ '4.2.3' ],
227 silly audit   'strip-ansi': [ '6.0.1' ],
227 silly audit   'wrap-ansi': [ '7.0.0' ],
227 silly audit   'color-convert': [ '2.0.1' ],
227 silly audit   'color-name': [ '1.1.4' ],
227 silly audit   'combined-stream': [ '1.0.8' ],
227 silly audit   concurrently: [ '9.1.0' ],
227 silly audit   'delayed-stream': [ '1.0.0' ],
227 silly audit   'detect-libc': [ '1.0.3' ],
227 silly audit   'electron-to-chromium': [ '1.5.66' ],
227 silly audit   esbuild: [ '0.21.5' ],
227 silly audit   escalade: [ '3.2.0' ],
227 silly audit   'fill-range': [ '7.1.1' ],
227 silly audit   'follow-redirects': [ '1.15.9' ],
227 silly audit   'form-data': [ '4.0.1' ],
227 silly audit   'fraction.js': [ '4.3.7' ],
227 silly audit   fsevents: [ '2.3.3' ],
227 silly audit   'get-caller-file': [ '2.0.5' ],
227 silly audit   'has-flag': [ '4.0.0' ],
227 silly audit   immutable: [ '5.0.3' ],
227 silly audit   'is-extglob': [ '2.1.1' ],
227 silly audit   'is-fullwidth-code-point': [ '3.0.0' ],
227 silly audit   'is-glob': [ '4.0.3' ],
227 silly audit   'is-number': [ '7.0.0' ],
227 silly audit   'laravel-vite-plugin': [ '1.0.6' ],
227 silly audit   lodash: [ '4.17.21' ],
227 silly audit   micromatch: [ '4.0.8' ],
227 silly audit   'mime-db': [ '1.52.0' ],
227 silly audit   'mime-types': [ '2.1.35' ],
227 silly audit   nanoid: [ '3.3.8' ],
227 silly audit   'node-addon-api': [ '7.1.1' ],
227 silly audit   'node-releases': [ '2.0.18' ],
227 silly audit   'normalize-range': [ '0.1.2' ],
227 silly audit   picocolors: [ '1.1.1' ],
227 silly audit   picomatch: [ '2.3.1' ],
227 silly audit   postcss: [ '8.4.49' ],
227 silly audit   'postcss-value-parser': [ '4.2.0' ],
227 silly audit   'proxy-from-env': [ '1.1.0' ],
227 silly audit   readdirp: [ '4.0.2' ],
227 silly audit   'require-directory': [ '2.1.1' ],
227 silly audit   rollup: [ '4.27.4' ],
227 silly audit   rxjs: [ '7.8.1' ],
227 silly audit   sass: [ '1.81.0' ],
227 silly audit   'shell-quote': [ '1.8.2' ],
227 silly audit   'source-map-js': [ '1.2.1' ],
227 silly audit   'to-regex-range': [ '5.0.1' ],
227 silly audit   'tree-kill': [ '1.2.2' ],
227 silly audit   tslib: [ '2.8.1' ],
227 silly audit   'update-browserslist-db': [ '1.1.1' ],
227 silly audit   vite: [ '5.4.11' ],
227 silly audit   'vite-plugin-full-reload': [ '1.2.0' ],
227 silly audit   y18n: [ '5.0.8' ],
227 silly audit   yargs: [ '17.7.2' ],
227 silly audit   'yargs-parser': [ '21.1.1' ],
227 silly audit   '@vitejs/plugin-vue': [ '5.2.1' ],
227 silly audit   vue: [ '3.5.13' ],
227 silly audit   '@vue/compiler-dom': [ '3.5.13' ],
227 silly audit   '@vue/compiler-sfc': [ '3.5.13' ],
227 silly audit   '@vue/runtime-dom': [ '3.5.13' ],
227 silly audit   '@vue/server-renderer': [ '3.5.13' ],
227 silly audit   '@vue/shared': [ '3.5.13' ],
227 silly audit   '@vue/compiler-core': [ '3.5.13' ],
227 silly audit   '@babel/parser': [ '7.26.2' ],
227 silly audit   entities: [ '4.5.0' ],
227 silly audit   'estree-walker': [ '2.0.2' ],
227 silly audit   '@babel/types': [ '7.26.0' ],
227 silly audit   '@babel/helper-string-parser': [ '7.25.9' ],
227 silly audit   '@babel/helper-validator-identifier': [ '7.25.9' ],
227 silly audit   '@vue/compiler-ssr': [ '3.5.13' ],
227 silly audit   'magic-string': [ '0.30.14' ],
227 silly audit   '@vue/reactivity': [ '3.5.13' ],
227 silly audit   '@vue/runtime-core': [ '3.5.13' ],
227 silly audit   csstype: [ '3.1.3' ]
227 silly audit }
228 verbose reify failed optional dependency /var/www/node_modules/fsevents
229 silly reify mark deleted [ '/var/www/node_modules/fsevents' ]
230 verbose reify failed optional dependency /var/www/node_modules/@rollup/rollup-win32-x64-msvc
231 silly reify mark deleted [ '/var/www/node_modules/@rollup/rollup-win32-x64-msvc' ]
232 verbose reify failed optional dependency /var/www/node_modules/@rollup/rollup-win32-ia32-msvc
233 silly reify mark deleted [ '/var/www/node_modules/@rollup/rollup-win32-ia32-msvc' ]
234 verbose reify failed optional dependency /var/www/node_modules/@rollup/rollup-win32-arm64-msvc
235 silly reify mark deleted [ '/var/www/node_modules/@rollup/rollup-win32-arm64-msvc' ]
236 verbose reify failed optional dependency /var/www/node_modules/@rollup/rollup-linux-x64-musl
237 silly reify mark deleted [ '/var/www/node_modules/@rollup/rollup-linux-x64-musl' ]
238 verbose reify failed optional dependency /var/www/node_modules/@rollup/rollup-linux-x64-gnu
239 silly reify mark deleted [ '/var/www/node_modules/@rollup/rollup-linux-x64-gnu' ]
240 verbose reify failed optional dependency /var/www/node_modules/@rollup/rollup-linux-s390x-gnu
241 silly reify mark deleted [ '/var/www/node_modules/@rollup/rollup-linux-s390x-gnu' ]
242 verbose reify failed optional dependency /var/www/node_modules/@rollup/rollup-linux-riscv64-gnu
243 silly reify mark deleted [ '/var/www/node_modules/@rollup/rollup-linux-riscv64-gnu' ]
244 verbose reify failed optional dependency /var/www/node_modules/@rollup/rollup-linux-powerpc64le-gnu
245 silly reify mark deleted [ '/var/www/node_modules/@rollup/rollup-linux-powerpc64le-gnu' ]
246 verbose reify failed optional dependency /var/www/node_modules/@rollup/rollup-linux-arm-musleabihf
247 silly reify mark deleted [ '/var/www/node_modules/@rollup/rollup-linux-arm-musleabihf' ]
248 verbose reify failed optional dependency /var/www/node_modules/@rollup/rollup-linux-arm-gnueabihf
249 silly reify mark deleted [ '/var/www/node_modules/@rollup/rollup-linux-arm-gnueabihf' ]
250 verbose reify failed optional dependency /var/www/node_modules/@rollup/rollup-freebsd-x64
251 silly reify mark deleted [ '/var/www/node_modules/@rollup/rollup-freebsd-x64' ]
252 verbose reify failed optional dependency /var/www/node_modules/@rollup/rollup-freebsd-arm64
253 silly reify mark deleted [ '/var/www/node_modules/@rollup/rollup-freebsd-arm64' ]
254 verbose reify failed optional dependency /var/www/node_modules/@rollup/rollup-darwin-x64
255 silly reify mark deleted [ '/var/www/node_modules/@rollup/rollup-darwin-x64' ]
256 verbose reify failed optional dependency /var/www/node_modules/@rollup/rollup-darwin-arm64
257 silly reify mark deleted [ '/var/www/node_modules/@rollup/rollup-darwin-arm64' ]
258 verbose reify failed optional dependency /var/www/node_modules/@rollup/rollup-android-arm64
259 silly reify mark deleted [ '/var/www/node_modules/@rollup/rollup-android-arm64' ]
260 verbose reify failed optional dependency /var/www/node_modules/@rollup/rollup-android-arm-eabi
261 silly reify mark deleted [ '/var/www/node_modules/@rollup/rollup-android-arm-eabi' ]
262 verbose reify failed optional dependency /var/www/node_modules/@parcel/watcher-win32-x64
263 silly reify mark deleted [ '/var/www/node_modules/@parcel/watcher-win32-x64' ]
264 verbose reify failed optional dependency /var/www/node_modules/@parcel/watcher-win32-ia32
265 silly reify mark deleted [ '/var/www/node_modules/@parcel/watcher-win32-ia32' ]
266 verbose reify failed optional dependency /var/www/node_modules/@parcel/watcher-win32-arm64
267 silly reify mark deleted [ '/var/www/node_modules/@parcel/watcher-win32-arm64' ]
268 verbose reify failed optional dependency /var/www/node_modules/@parcel/watcher-linux-x64-musl
269 silly reify mark deleted [ '/var/www/node_modules/@parcel/watcher-linux-x64-musl' ]
270 verbose reify failed optional dependency /var/www/node_modules/@parcel/watcher-linux-x64-glibc
271 silly reify mark deleted [ '/var/www/node_modules/@parcel/watcher-linux-x64-glibc' ]
272 verbose reify failed optional dependency /var/www/node_modules/@parcel/watcher-linux-arm-musl
273 silly reify mark deleted [ '/var/www/node_modules/@parcel/watcher-linux-arm-musl' ]
274 verbose reify failed optional dependency /var/www/node_modules/@parcel/watcher-linux-arm-glibc
275 silly reify mark deleted [ '/var/www/node_modules/@parcel/watcher-linux-arm-glibc' ]
276 verbose reify failed optional dependency /var/www/node_modules/@parcel/watcher-freebsd-x64
277 silly reify mark deleted [ '/var/www/node_modules/@parcel/watcher-freebsd-x64' ]
278 verbose reify failed optional dependency /var/www/node_modules/@parcel/watcher-darwin-x64
279 silly reify mark deleted [ '/var/www/node_modules/@parcel/watcher-darwin-x64' ]
280 verbose reify failed optional dependency /var/www/node_modules/@parcel/watcher-darwin-arm64
281 silly reify mark deleted [ '/var/www/node_modules/@parcel/watcher-darwin-arm64' ]
282 verbose reify failed optional dependency /var/www/node_modules/@parcel/watcher-android-arm64
283 silly reify mark deleted [ '/var/www/node_modules/@parcel/watcher-android-arm64' ]
284 verbose reify failed optional dependency /var/www/node_modules/@esbuild/win32-x64
285 silly reify mark deleted [ '/var/www/node_modules/@esbuild/win32-x64' ]
286 verbose reify failed optional dependency /var/www/node_modules/@esbuild/win32-ia32
287 silly reify mark deleted [ '/var/www/node_modules/@esbuild/win32-ia32' ]
288 verbose reify failed optional dependency /var/www/node_modules/@esbuild/win32-arm64
289 silly reify mark deleted [ '/var/www/node_modules/@esbuild/win32-arm64' ]
290 verbose reify failed optional dependency /var/www/node_modules/@esbuild/sunos-x64
291 silly reify mark deleted [ '/var/www/node_modules/@esbuild/sunos-x64' ]
292 verbose reify failed optional dependency /var/www/node_modules/@esbuild/openbsd-x64
293 silly reify mark deleted [ '/var/www/node_modules/@esbuild/openbsd-x64' ]
294 verbose reify failed optional dependency /var/www/node_modules/@esbuild/netbsd-x64
295 silly reify mark deleted [ '/var/www/node_modules/@esbuild/netbsd-x64' ]
296 verbose reify failed optional dependency /var/www/node_modules/@esbuild/linux-x64
297 silly reify mark deleted [ '/var/www/node_modules/@esbuild/linux-x64' ]
298 verbose reify failed optional dependency /var/www/node_modules/@esbuild/linux-s390x
299 silly reify mark deleted [ '/var/www/node_modules/@esbuild/linux-s390x' ]
300 verbose reify failed optional dependency /var/www/node_modules/@esbuild/linux-riscv64
301 silly reify mark deleted [ '/var/www/node_modules/@esbuild/linux-riscv64' ]
302 verbose reify failed optional dependency /var/www/node_modules/@esbuild/linux-ppc64
303 silly reify mark deleted [ '/var/www/node_modules/@esbuild/linux-ppc64' ]
304 verbose reify failed optional dependency /var/www/node_modules/@esbuild/linux-mips64el
305 silly reify mark deleted [ '/var/www/node_modules/@esbuild/linux-mips64el' ]
306 verbose reify failed optional dependency /var/www/node_modules/@esbuild/linux-loong64
307 silly reify mark deleted [ '/var/www/node_modules/@esbuild/linux-loong64' ]
308 verbose reify failed optional dependency /var/www/node_modules/@esbuild/linux-ia32
309 silly reify mark deleted [ '/var/www/node_modules/@esbuild/linux-ia32' ]
310 verbose reify failed optional dependency /var/www/node_modules/@esbuild/linux-arm
311 silly reify mark deleted [ '/var/www/node_modules/@esbuild/linux-arm' ]
312 verbose reify failed optional dependency /var/www/node_modules/@esbuild/freebsd-x64
313 silly reify mark deleted [ '/var/www/node_modules/@esbuild/freebsd-x64' ]
314 verbose reify failed optional dependency /var/www/node_modules/@esbuild/freebsd-arm64
315 silly reify mark deleted [ '/var/www/node_modules/@esbuild/freebsd-arm64' ]
316 verbose reify failed optional dependency /var/www/node_modules/@esbuild/darwin-x64
317 silly reify mark deleted [ '/var/www/node_modules/@esbuild/darwin-x64' ]
318 verbose reify failed optional dependency /var/www/node_modules/@esbuild/darwin-arm64
319 silly reify mark deleted [ '/var/www/node_modules/@esbuild/darwin-arm64' ]
320 verbose reify failed optional dependency /var/www/node_modules/@esbuild/android-x64
321 silly reify mark deleted [ '/var/www/node_modules/@esbuild/android-x64' ]
322 verbose reify failed optional dependency /var/www/node_modules/@esbuild/android-arm64
323 silly reify mark deleted [ '/var/www/node_modules/@esbuild/android-arm64' ]
324 verbose reify failed optional dependency /var/www/node_modules/@esbuild/android-arm
325 silly reify mark deleted [ '/var/www/node_modules/@esbuild/android-arm' ]
326 verbose reify failed optional dependency /var/www/node_modules/@esbuild/aix-ppc64
327 silly reify mark deleted [ '/var/www/node_modules/@esbuild/aix-ppc64' ]
328 timing reifyNode:node_modules/fsevents Completed in 15ms
329 timing reifyNode:node_modules/@rollup/rollup-win32-x64-msvc Completed in 15ms
330 timing reifyNode:node_modules/@rollup/rollup-win32-ia32-msvc Completed in 15ms
331 timing reifyNode:node_modules/@rollup/rollup-win32-arm64-msvc Completed in 15ms
332 timing reifyNode:node_modules/@rollup/rollup-linux-x64-musl Completed in 15ms
333 timing reifyNode:node_modules/@rollup/rollup-linux-x64-gnu Completed in 15ms
334 timing reifyNode:node_modules/@rollup/rollup-linux-s390x-gnu Completed in 15ms
335 timing reifyNode:node_modules/@rollup/rollup-linux-riscv64-gnu Completed in 15ms
336 timing reifyNode:node_modules/@rollup/rollup-linux-powerpc64le-gnu Completed in 15ms
337 timing reifyNode:node_modules/@rollup/rollup-linux-arm-musleabihf Completed in 16ms
338 timing reifyNode:node_modules/@rollup/rollup-linux-arm-gnueabihf Completed in 16ms
339 timing reifyNode:node_modules/@rollup/rollup-freebsd-x64 Completed in 16ms
340 timing reifyNode:node_modules/@rollup/rollup-freebsd-arm64 Completed in 15ms
341 timing reifyNode:node_modules/@rollup/rollup-darwin-x64 Completed in 15ms
342 timing reifyNode:node_modules/@rollup/rollup-darwin-arm64 Completed in 15ms
343 timing reifyNode:node_modules/@rollup/rollup-android-arm64 Completed in 15ms
344 timing reifyNode:node_modules/@rollup/rollup-android-arm-eabi Completed in 15ms
345 timing reifyNode:node_modules/@parcel/watcher-win32-x64 Completed in 15ms
346 timing reifyNode:node_modules/@parcel/watcher-win32-ia32 Completed in 15ms
347 timing reifyNode:node_modules/@parcel/watcher-win32-arm64 Completed in 15ms
348 timing reifyNode:node_modules/@parcel/watcher-linux-x64-musl Completed in 15ms
349 timing reifyNode:node_modules/@parcel/watcher-linux-x64-glibc Completed in 15ms
350 timing reifyNode:node_modules/@parcel/watcher-linux-arm-musl Completed in 15ms
351 timing reifyNode:node_modules/@parcel/watcher-linux-arm-glibc Completed in 15ms
352 timing reifyNode:node_modules/@parcel/watcher-freebsd-x64 Completed in 15ms
353 timing reifyNode:node_modules/@parcel/watcher-darwin-x64 Completed in 15ms
354 timing reifyNode:node_modules/@parcel/watcher-darwin-arm64 Completed in 16ms
355 timing reifyNode:node_modules/@parcel/watcher-android-arm64 Completed in 16ms
356 timing reifyNode:node_modules/@esbuild/win32-x64 Completed in 16ms
357 timing reifyNode:node_modules/@esbuild/win32-ia32 Completed in 16ms
358 timing reifyNode:node_modules/@esbuild/win32-arm64 Completed in 16ms
359 timing reifyNode:node_modules/@esbuild/sunos-x64 Completed in 16ms
360 timing reifyNode:node_modules/@esbuild/openbsd-x64 Completed in 16ms
361 timing reifyNode:node_modules/@esbuild/netbsd-x64 Completed in 16ms
362 timing reifyNode:node_modules/@esbuild/linux-x64 Completed in 16ms
363 timing reifyNode:node_modules/@esbuild/linux-s390x Completed in 16ms
364 timing reifyNode:node_modules/@esbuild/linux-riscv64 Completed in 16ms
365 timing reifyNode:node_modules/@esbuild/linux-ppc64 Completed in 16ms
366 timing reifyNode:node_modules/@esbuild/linux-mips64el Completed in 16ms
367 timing reifyNode:node_modules/@esbuild/linux-loong64 Completed in 16ms
368 timing reifyNode:node_modules/@esbuild/linux-ia32 Completed in 15ms
369 timing reifyNode:node_modules/@esbuild/linux-arm Completed in 15ms
370 timing reifyNode:node_modules/@esbuild/freebsd-x64 Completed in 15ms
371 timing reifyNode:node_modules/@esbuild/freebsd-arm64 Completed in 16ms
372 timing reifyNode:node_modules/@esbuild/darwin-x64 Completed in 16ms
373 timing reifyNode:node_modules/@esbuild/darwin-arm64 Completed in 16ms
374 timing reifyNode:node_modules/@esbuild/android-x64 Completed in 16ms
375 timing reifyNode:node_modules/@esbuild/android-arm64 Completed in 16ms
376 timing reifyNode:node_modules/@esbuild/android-arm Completed in 16ms
377 timing reifyNode:node_modules/@esbuild/aix-ppc64 Completed in 16ms
378 silly tarball no local data for csstype@https://registry.npmjs.org/csstype/-/csstype-3.1.3.tgz. Extracting by manifest.
379 silly tarball no local data for @vue/reactivity@https://registry.npmjs.org/@vue/reactivity/-/reactivity-3.5.13.tgz. Extracting by manifest.
380 silly tarball no local data for @vue/runtime-core@https://registry.npmjs.org/@vue/runtime-core/-/runtime-core-3.5.13.tgz. Extracting by manifest.
381 silly tarball no local data for magic-string@https://registry.npmjs.org/magic-string/-/magic-string-0.30.14.tgz. Extracting by manifest.
382 silly tarball no local data for @vue/compiler-ssr@https://registry.npmjs.org/@vue/compiler-ssr/-/compiler-ssr-3.5.13.tgz. Extracting by manifest.
383 silly tarball no local data for @babel/helper-validator-identifier@https://registry.npmjs.org/@babel/helper-validator-identifier/-/helper-validator-identifier-7.25.9.tgz. Extracting by manifest.
384 silly tarball no local data for @babel/types@https://registry.npmjs.org/@babel/types/-/types-7.26.0.tgz. Extracting by manifest.
385 silly tarball no local data for estree-walker@https://registry.npmjs.org/estree-walker/-/estree-walker-2.0.2.tgz. Extracting by manifest.
386 silly tarball no local data for entities@https://registry.npmjs.org/entities/-/entities-4.5.0.tgz. Extracting by manifest.
387 silly tarball no local data for @babel/parser@https://registry.npmjs.org/@babel/parser/-/parser-7.26.2.tgz. Extracting by manifest.
388 silly tarball no local data for @vue/compiler-sfc@https://registry.npmjs.org/@vue/compiler-sfc/-/compiler-sfc-3.5.13.tgz. Extracting by manifest.
389 silly tarball no local data for @babel/helper-string-parser@https://registry.npmjs.org/@babel/helper-string-parser/-/helper-string-parser-7.25.9.tgz. Extracting by manifest.
390 silly tarball no local data for @vue/compiler-core@https://registry.npmjs.org/@vue/compiler-core/-/compiler-core-3.5.13.tgz. Extracting by manifest.
391 silly tarball no local data for @vue/compiler-dom@https://registry.npmjs.org/@vue/compiler-dom/-/compiler-dom-3.5.13.tgz. Extracting by manifest.
392 silly tarball no local data for @vue/shared@https://registry.npmjs.org/@vue/shared/-/shared-3.5.13.tgz. Extracting by manifest.
393 silly tarball no local data for @vitejs/plugin-vue@https://registry.npmjs.org/@vitejs/plugin-vue/-/plugin-vue-5.2.1.tgz. Extracting by manifest.
394 silly tarball no local data for vue@https://registry.npmjs.org/vue/-/vue-3.5.13.tgz. Extracting by manifest.
395 silly tarball no local data for @vue/runtime-dom@https://registry.npmjs.org/@vue/runtime-dom/-/runtime-dom-3.5.13.tgz. Extracting by manifest.
396 silly tarball no local data for @vue/server-renderer@https://registry.npmjs.org/@vue/server-renderer/-/server-renderer-3.5.13.tgz. Extracting by manifest.
397 http fetch GET 200 https://registry.npmjs.org/@vue/compiler-ssr/-/compiler-ssr-3.5.13.tgz 175ms (cache miss)
398 timing reifyNode:node_modules/@vue/compiler-ssr Completed in 209ms
399 http fetch GET 200 https://registry.npmjs.org/@babel/helper-validator-identifier/-/helper-validator-identifier-7.25.9.tgz 185ms (cache miss)
400 timing reifyNode:node_modules/@babel/helper-validator-identifier Completed in 231ms
401 http fetch POST 200 https://registry.npmjs.org/-/npm/v1/security/advisories/bulk 245ms
402 timing auditReport:getReport Completed in 248ms
403 silly audit report {}
404 timing auditReport:init Completed in 0ms
405 timing reify:audit Completed in 250ms
406 http fetch GET 200 https://registry.npmjs.org/@vue/shared/-/shared-3.5.13.tgz 206ms (cache miss)
407 timing reifyNode:node_modules/@vue/shared Completed in 259ms
408 http fetch GET 200 https://registry.npmjs.org/@babel/helper-string-parser/-/helper-string-parser-7.25.9.tgz 222ms (cache miss)
409 timing reifyNode:node_modules/@babel/helper-string-parser Completed in 263ms
410 http fetch GET 200 https://registry.npmjs.org/@vitejs/plugin-vue/-/plugin-vue-5.2.1.tgz 218ms (cache miss)
411 timing reifyNode:node_modules/@vitejs/plugin-vue Completed in 271ms
412 http fetch GET 200 https://registry.npmjs.org/magic-string/-/magic-string-0.30.14.tgz 244ms (cache miss)
413 http fetch GET 200 https://registry.npmjs.org/estree-walker/-/estree-walker-2.0.2.tgz 242ms (cache miss)
414 timing reifyNode:node_modules/estree-walker Completed in 276ms
415 timing reifyNode:node_modules/magic-string Completed in 277ms
416 http fetch GET 200 https://registry.npmjs.org/@vue/server-renderer/-/server-renderer-3.5.13.tgz 233ms (cache miss)
417 timing reifyNode:node_modules/@vue/server-renderer Completed in 293ms
418 http fetch GET 200 https://registry.npmjs.org/@vue/runtime-core/-/runtime-core-3.5.13.tgz 305ms (cache miss)
419 timing reifyNode:node_modules/@vue/runtime-core Completed in 336ms
420 http fetch GET 200 https://registry.npmjs.org/csstype/-/csstype-3.1.3.tgz 314ms (cache miss)
421 timing reifyNode:node_modules/csstype Completed in 345ms
422 http fetch GET 200 https://registry.npmjs.org/@vue/compiler-core/-/compiler-core-3.5.13.tgz 312ms (cache miss)
423 timing reifyNode:node_modules/@vue/compiler-core Completed in 356ms
424 http fetch GET 200 https://registry.npmjs.org/@vue/compiler-dom/-/compiler-dom-3.5.13.tgz 322ms (cache miss)
425 timing reifyNode:node_modules/@vue/compiler-dom Completed in 363ms
426 http fetch GET 200 https://registry.npmjs.org/entities/-/entities-4.5.0.tgz 359ms (cache miss)
427 timing reifyNode:node_modules/entities Completed in 396ms
428 http fetch GET 200 https://registry.npmjs.org/@vue/runtime-dom/-/runtime-dom-3.5.13.tgz 348ms (cache miss)
429 timing reifyNode:node_modules/@vue/runtime-dom Completed in 399ms
430 http fetch GET 200 https://registry.npmjs.org/@babel/parser/-/parser-7.26.2.tgz 402ms (cache miss)
431 timing reifyNode:node_modules/@babel/parser Completed in 441ms
432 http fetch GET 200 https://registry.npmjs.org/vue/-/vue-3.5.13.tgz 408ms (cache miss)
433 timing reifyNode:node_modules/vue Completed in 462ms
434 http fetch GET 200 https://registry.npmjs.org/@vue/compiler-sfc/-/compiler-sfc-3.5.13.tgz 424ms (cache miss)
435 timing reifyNode:node_modules/@vue/compiler-sfc Completed in 465ms
436 http fetch GET 200 https://registry.npmjs.org/@babel/types/-/types-7.26.0.tgz 482ms (cache miss)
437 timing reifyNode:node_modules/@babel/types Completed in 515ms
438 http fetch GET 200 https://registry.npmjs.org/@vue/reactivity/-/reactivity-3.5.13.tgz 689ms (cache miss)
439 timing reifyNode:node_modules/@vue/reactivity Completed in 719ms
440 timing reify:unpack Completed in 719ms
441 timing reify:unretire Completed in 1ms
442 timing build:queue Completed in 6ms
443 timing build:link:node_modules/@babel/parser Completed in 7ms
444 timing build:link Completed in 7ms
445 timing build:deps Completed in 13ms
446 timing build Completed in 13ms
447 timing reify:build Completed in 14ms
448 timing reify:trash Completed in 603ms
449 timing reify:save Completed in 39ms
450 timing reify Completed in 5130ms
451 silly ADD node_modules/csstype
452 silly ADD node_modules/@vue/runtime-core
453 silly ADD node_modules/@vue/reactivity
454 silly ADD node_modules/magic-string
455 silly ADD node_modules/@vue/compiler-ssr
456 silly ADD node_modules/@babel/helper-validator-identifier
457 silly ADD node_modules/@babel/helper-string-parser
458 silly ADD node_modules/@babel/types
459 silly ADD node_modules/estree-walker
460 silly ADD node_modules/entities
461 silly ADD node_modules/@babel/parser
462 silly ADD node_modules/@vue/compiler-core
463 silly ADD node_modules/@vue/shared
464 silly ADD node_modules/@vue/server-renderer
465 silly ADD node_modules/@vue/runtime-dom
466 silly ADD node_modules/@vue/compiler-sfc
467 silly ADD node_modules/@vue/compiler-dom
468 silly ADD node_modules/vue
469 silly ADD node_modules/@vitejs/plugin-vue
470 silly ADD
471 silly ADD
472 silly ADD
473 silly ADD
474 silly ADD
475 silly ADD
476 silly ADD
477 silly ADD
478 silly ADD
479 silly ADD
480 silly ADD
481 silly ADD
482 silly ADD
483 silly ADD
484 silly ADD
485 silly ADD
486 silly ADD
487 silly ADD
488 silly ADD
489 silly ADD
490 silly ADD
491 silly ADD
492 silly ADD
493 silly ADD
494 silly ADD
495 silly ADD
496 silly ADD
497 silly ADD
498 silly ADD
499 silly ADD
500 silly ADD
501 silly ADD
502 silly ADD
503 silly ADD
504 silly ADD
505 silly ADD
506 silly ADD
507 silly ADD
508 silly ADD
509 silly ADD
510 silly ADD
511 silly ADD
512 silly ADD
513 silly ADD
514 silly ADD
515 silly ADD
516 silly ADD
517 silly ADD
518 silly ADD
519 silly ADD
520 silly REMOVE node_modules/yaml
521 silly REMOVE node_modules/wrap-ansi-cjs
522 silly REMOVE node_modules/wrap-ansi-cjs/node_modules/strip-ansi
523 silly REMOVE node_modules/wrap-ansi-cjs/node_modules/string-width
524 silly REMOVE node_modules/wrap-ansi-cjs/node_modules/emoji-regex
525 silly REMOVE node_modules/wrap-ansi-cjs/node_modules/ansi-regex
526 silly REMOVE node_modules/wrap-ansi
527 silly REMOVE node_modules/wrap-ansi/node_modules/ansi-styles
528 silly REMOVE node_modules/which
529 silly REMOVE node_modules/util-deprecate
530 silly REMOVE node_modules/ts-interface-checker
531 silly REMOVE node_modules/thenify-all
532 silly REMOVE node_modules/thenify
533 silly REMOVE node_modules/tailwindcss
534 silly REMOVE node_modules/tailwindcss/node_modules/readdirp
535 silly REMOVE node_modules/tailwindcss/node_modules/chokidar
536 silly REMOVE node_modules/tailwindcss/node_modules/chokidar/node_modules/glob-parent
537 silly REMOVE node_modules/supports-preserve-symlinks-flag
538 silly REMOVE node_modules/sucrase
539 silly REMOVE node_modules/strip-ansi-cjs
540 silly REMOVE node_modules/strip-ansi-cjs/node_modules/ansi-regex
541 silly REMOVE node_modules/strip-ansi
542 silly REMOVE node_modules/string-width-cjs
543 silly REMOVE node_modules/string-width-cjs/node_modules/strip-ansi
544 silly REMOVE node_modules/string-width-cjs/node_modules/emoji-regex
545 silly REMOVE node_modules/string-width-cjs/node_modules/ansi-regex
546 silly REMOVE node_modules/string-width
547 silly REMOVE node_modules/signal-exit
548 silly REMOVE node_modules/shebang-regex
549 silly REMOVE node_modules/shebang-command
550 silly REMOVE node_modules/run-parallel
551 silly REMOVE node_modules/reusify
552 silly REMOVE node_modules/resolve
553 silly REMOVE node_modules/read-cache
554 silly REMOVE node_modules/queue-microtask
555 silly REMOVE node_modules/postcss-selector-parser
556 silly REMOVE node_modules/postcss-nested
557 silly REMOVE node_modules/postcss-load-config
558 silly REMOVE node_modules/postcss-load-config/node_modules/lilconfig
559 silly REMOVE node_modules/postcss-js
560 silly REMOVE node_modules/postcss-import
561 silly REMOVE node_modules/pirates
562 silly REMOVE node_modules/pify
563 silly REMOVE node_modules/path-scurry
564 silly REMOVE node_modules/path-parse
565 silly REMOVE node_modules/path-key
566 silly REMOVE node_modules/package-json-from-dist
567 silly REMOVE node_modules/object-hash
568 silly REMOVE node_modules/object-assign
569 silly REMOVE node_modules/normalize-path
570 silly REMOVE node_modules/mz
571 silly REMOVE node_modules/minipass
572 silly REMOVE node_modules/minimatch
573 silly REMOVE node_modules/merge2
574 silly REMOVE node_modules/lru-cache
575 silly REMOVE node_modules/lines-and-columns
576 silly REMOVE node_modules/lilconfig
577 silly REMOVE node_modules/jiti
578 silly REMOVE node_modules/jackspeak
579 silly REMOVE node_modules/isexe
580 silly REMOVE node_modules/is-core-module
581 silly REMOVE node_modules/is-binary-path
582 silly REMOVE node_modules/hasown
583 silly REMOVE node_modules/glob-parent
584 silly REMOVE node_modules/glob
585 silly REMOVE node_modules/function-bind
586 silly REMOVE node_modules/foreground-child
587 silly REMOVE node_modules/fastq
588 silly REMOVE node_modules/fast-glob
589 silly REMOVE node_modules/fast-glob/node_modules/glob-parent
590 silly REMOVE node_modules/emoji-regex
591 silly REMOVE node_modules/eastasianwidth
592 silly REMOVE node_modules/dlv
593 silly REMOVE node_modules/didyoumean
594 silly REMOVE node_modules/cssesc
595 silly REMOVE node_modules/cross-spawn
596 silly REMOVE node_modules/commander
597 silly REMOVE node_modules/camelcase-css
598 silly REMOVE node_modules/brace-expansion
599 silly REMOVE node_modules/binary-extensions
600 silly REMOVE node_modules/balanced-match
601 silly REMOVE node_modules/arg
602 silly REMOVE node_modules/anymatch
603 silly REMOVE node_modules/any-promise
604 silly REMOVE node_modules/ansi-regex
605 silly REMOVE node_modules/@pkgjs/parseargs
606 silly REMOVE node_modules/@nodelib/fs.walk
607 silly REMOVE node_modules/@nodelib/fs.stat
608 silly REMOVE node_modules/@nodelib/fs.scandir
609 silly REMOVE node_modules/@jridgewell/trace-mapping
610 silly REMOVE node_modules/@jridgewell/set-array
611 silly REMOVE node_modules/@jridgewell/resolve-uri
612 silly REMOVE node_modules/@jridgewell/gen-mapping
613 silly REMOVE node_modules/@isaacs/cliui
614 silly REMOVE node_modules/@alloc/quick-lru
615 timing command:install Completed in 5148ms
616 verbose exit 0
617 timing npm Completed in 5173ms
618 info ok
