0 verbose cli /usr/bin/node /usr/bin/npm
1 info using npm@9.2.0
2 info using node@v18.19.0
3 timing npm:load:whichnode Completed in 0ms
4 timing config:load:defaults Completed in 1ms
5 timing config:load:file:/usr/share/nodejs/npm/npmrc Completed in 1ms
6 timing config:load:builtin Completed in 1ms
7 timing config:load:cli Completed in 0ms
8 timing config:load:env Completed in 1ms
9 timing config:load:project Completed in 2ms
10 timing config:load:file:/var/www/.npmrc Completed in 0ms
11 timing config:load:user Completed in 0ms
12 timing config:load:file:/etc/npmrc Completed in 1ms
13 timing config:load:global Completed in 1ms
14 timing config:load:setEnvs Completed in 0ms
15 timing config:load Completed in 7ms
16 timing npm:load:configload Completed in 7ms
17 timing npm:load:mkdirpcache Completed in 1ms
18 timing npm:load:mkdirplogs Completed in 1ms
19 verbose title npm install
20 verbose argv "install"
21 timing npm:load:setTitle Completed in 1ms
22 timing config:load:flatten Completed in 2ms
23 timing npm:load:display Completed in 2ms
24 verbose logfile logs-max:10 dir:/var/www/.npm/_logs/2024-12-03T20_14_28_080Z-
25 verbose logfile /var/www/.npm/_logs/2024-12-03T20_14_28_080Z-debug-0.log
26 timing npm:load:logFile Completed in 4ms
27 timing npm:load:timers Completed in 0ms
28 timing npm:load:configScope Completed in 0ms
29 timing npm:load Completed in 17ms
30 silly logfile done cleaning log files
31 timing config:load:flatten Completed in 0ms
32 timing arborist:ctor Completed in 0ms
33 timing idealTree:init Completed in 95ms
34 timing idealTree:userRequests Completed in 0ms
35 silly idealTree buildDeps
36 timing idealTree:#root Completed in 0ms
37 timing idealTree:buildDeps Completed in 1ms
38 timing idealTree:fixDepFlags Completed in 0ms
39 timing idealTree Completed in 99ms
40 timing reify:loadTrees Completed in 100ms
41 timing reify:diffTrees Completed in 3ms
42 silly reify moves {}
43 timing reify:retireShallow Completed in 1ms
44 timing reify:createSparse Completed in 99ms
45 timing reify:loadBundles Completed in 0ms
46 silly audit bulk request {
46 silly audit   '@alloc/quick-lru': [ '5.2.0' ],
46 silly audit   '@esbuild/aix-ppc64': [ '0.21.5' ],
46 silly audit   '@esbuild/android-arm': [ '0.21.5' ],
46 silly audit   '@esbuild/android-arm64': [ '0.21.5' ],
46 silly audit   '@esbuild/android-x64': [ '0.21.5' ],
46 silly audit   '@esbuild/darwin-arm64': [ '0.21.5' ],
46 silly audit   '@esbuild/darwin-x64': [ '0.21.5' ],
46 silly audit   '@esbuild/freebsd-arm64': [ '0.21.5' ],
46 silly audit   '@esbuild/freebsd-x64': [ '0.21.5' ],
46 silly audit   '@esbuild/linux-arm': [ '0.21.5' ],
46 silly audit   '@esbuild/linux-arm64': [ '0.21.5' ],
46 silly audit   '@esbuild/linux-ia32': [ '0.21.5' ],
46 silly audit   '@esbuild/linux-loong64': [ '0.21.5' ],
46 silly audit   '@esbuild/linux-mips64el': [ '0.21.5' ],
46 silly audit   '@esbuild/linux-ppc64': [ '0.21.5' ],
46 silly audit   '@esbuild/linux-riscv64': [ '0.21.5' ],
46 silly audit   '@esbuild/linux-s390x': [ '0.21.5' ],
46 silly audit   '@esbuild/linux-x64': [ '0.21.5' ],
46 silly audit   '@esbuild/netbsd-x64': [ '0.21.5' ],
46 silly audit   '@esbuild/openbsd-x64': [ '0.21.5' ],
46 silly audit   '@esbuild/sunos-x64': [ '0.21.5' ],
46 silly audit   '@esbuild/win32-arm64': [ '0.21.5' ],
46 silly audit   '@esbuild/win32-ia32': [ '0.21.5' ],
46 silly audit   '@esbuild/win32-x64': [ '0.21.5' ],
46 silly audit   '@isaacs/cliui': [ '8.0.2' ],
46 silly audit   '@jridgewell/gen-mapping': [ '0.3.5' ],
46 silly audit   '@jridgewell/resolve-uri': [ '3.1.2' ],
46 silly audit   '@jridgewell/set-array': [ '1.2.1' ],
46 silly audit   '@jridgewell/sourcemap-codec': [ '1.5.0' ],
46 silly audit   '@jridgewell/trace-mapping': [ '0.3.25' ],
46 silly audit   '@nodelib/fs.scandir': [ '2.1.5' ],
46 silly audit   '@nodelib/fs.stat': [ '2.0.5' ],
46 silly audit   '@nodelib/fs.walk': [ '1.2.8' ],
46 silly audit   '@parcel/watcher': [ '2.5.0' ],
46 silly audit   '@parcel/watcher-android-arm64': [ '2.5.0' ],
46 silly audit   '@parcel/watcher-darwin-arm64': [ '2.5.0' ],
46 silly audit   '@parcel/watcher-darwin-x64': [ '2.5.0' ],
46 silly audit   '@parcel/watcher-freebsd-x64': [ '2.5.0' ],
46 silly audit   '@parcel/watcher-linux-arm-glibc': [ '2.5.0' ],
46 silly audit   '@parcel/watcher-linux-arm-musl': [ '2.5.0' ],
46 silly audit   '@parcel/watcher-linux-arm64-glibc': [ '2.5.0' ],
46 silly audit   '@parcel/watcher-linux-arm64-musl': [ '2.5.0' ],
46 silly audit   '@parcel/watcher-linux-x64-glibc': [ '2.5.0' ],
46 silly audit   '@parcel/watcher-linux-x64-musl': [ '2.5.0' ],
46 silly audit   '@parcel/watcher-win32-arm64': [ '2.5.0' ],
46 silly audit   '@parcel/watcher-win32-ia32': [ '2.5.0' ],
46 silly audit   '@parcel/watcher-win32-x64': [ '2.5.0' ],
46 silly audit   '@pkgjs/parseargs': [ '0.11.0' ],
46 silly audit   '@popperjs/core': [ '2.11.8' ],
46 silly audit   '@rollup/rollup-android-arm-eabi': [ '4.27.4' ],
46 silly audit   '@rollup/rollup-android-arm64': [ '4.27.4' ],
46 silly audit   '@rollup/rollup-darwin-arm64': [ '4.27.4' ],
46 silly audit   '@rollup/rollup-darwin-x64': [ '4.27.4' ],
46 silly audit   '@rollup/rollup-freebsd-arm64': [ '4.27.4' ],
46 silly audit   '@rollup/rollup-freebsd-x64': [ '4.27.4' ],
46 silly audit   '@rollup/rollup-linux-arm-gnueabihf': [ '4.27.4' ],
46 silly audit   '@rollup/rollup-linux-arm-musleabihf': [ '4.27.4' ],
46 silly audit   '@rollup/rollup-linux-arm64-gnu': [ '4.27.4' ],
46 silly audit   '@rollup/rollup-linux-arm64-musl': [ '4.27.4' ],
46 silly audit   '@rollup/rollup-linux-powerpc64le-gnu': [ '4.27.4' ],
46 silly audit   '@rollup/rollup-linux-riscv64-gnu': [ '4.27.4' ],
46 silly audit   '@rollup/rollup-linux-s390x-gnu': [ '4.27.4' ],
46 silly audit   '@rollup/rollup-linux-x64-gnu': [ '4.27.4' ],
46 silly audit   '@rollup/rollup-linux-x64-musl': [ '4.27.4' ],
46 silly audit   '@rollup/rollup-win32-arm64-msvc': [ '4.27.4' ],
46 silly audit   '@rollup/rollup-win32-ia32-msvc': [ '4.27.4' ],
46 silly audit   '@rollup/rollup-win32-x64-msvc': [ '4.27.4' ],
46 silly audit   '@types/estree': [ '1.0.6' ],
46 silly audit   'ansi-regex': [ '6.1.0', '5.0.1' ],
46 silly audit   'ansi-styles': [ '4.3.0', '6.2.1' ],
46 silly audit   'any-promise': [ '1.3.0' ],
46 silly audit   anymatch: [ '3.1.3' ],
46 silly audit   arg: [ '5.0.2' ],
46 silly audit   asynckit: [ '0.4.0' ],
46 silly audit   autoprefixer: [ '10.4.20' ],
46 silly audit   axios: [ '1.7.8' ],
46 silly audit   'balanced-match': [ '1.0.2' ],
46 silly audit   'binary-extensions': [ '2.3.0' ],
46 silly audit   bootstrap: [ '5.3.3' ],
46 silly audit   'brace-expansion': [ '2.0.1' ],
46 silly audit   braces: [ '3.0.3' ],
46 silly audit   browserslist: [ '4.24.2' ],
46 silly audit   'camelcase-css': [ '2.0.1' ],
46 silly audit   'caniuse-lite': [ '1.0.30001684' ],
46 silly audit   chalk: [ '4.1.2' ],
46 silly audit   'supports-color': [ '7.2.0', '8.1.1' ],
46 silly audit   chokidar: [ '4.0.1', '3.6.0' ],
46 silly audit   cliui: [ '8.0.1' ],
46 silly audit   'emoji-regex': [ '8.0.0', '9.2.2' ],
46 silly audit   'string-width': [ '4.2.3', '5.1.2' ],
46 silly audit   'strip-ansi': [ '6.0.1', '7.1.0' ],
46 silly audit   'wrap-ansi': [ '7.0.0', '8.1.0' ],
46 silly audit   'color-convert': [ '2.0.1' ],
46 silly audit   'color-name': [ '1.1.4' ],
46 silly audit   'combined-stream': [ '1.0.8' ],
46 silly audit   commander: [ '4.1.1' ],
46 silly audit   concurrently: [ '9.1.0' ],
46 silly audit   'cross-spawn': [ '7.0.6' ],
46 silly audit   cssesc: [ '3.0.0' ],
46 silly audit   'delayed-stream': [ '1.0.0' ],
46 silly audit   'detect-libc': [ '1.0.3' ],
46 silly audit   didyoumean: [ '1.2.2' ],
46 silly audit   dlv: [ '1.1.3' ],
46 silly audit   eastasianwidth: [ '0.2.0' ],
46 silly audit   'electron-to-chromium': [ '1.5.66' ],
46 silly audit   esbuild: [ '0.21.5' ],
46 silly audit   escalade: [ '3.2.0' ],
46 silly audit   'fast-glob': [ '3.3.2' ],
46 silly audit   'glob-parent': [ '5.1.2', '6.0.2' ],
46 silly audit   fastq: [ '1.17.1' ],
46 silly audit   'fill-range': [ '7.1.1' ],
46 silly audit   'follow-redirects': [ '1.15.9' ],
46 silly audit   'foreground-child': [ '3.3.0' ],
46 silly audit   'form-data': [ '4.0.1' ],
46 silly audit   'fraction.js': [ '4.3.7' ],
46 silly audit   fsevents: [ '2.3.3' ],
46 silly audit   'function-bind': [ '1.1.2' ],
46 silly audit   'get-caller-file': [ '2.0.5' ],
46 silly audit   glob: [ '10.4.5' ],
46 silly audit   'has-flag': [ '4.0.0' ],
46 silly audit   hasown: [ '2.0.2' ],
46 silly audit   immutable: [ '5.0.3' ],
46 silly audit   'is-binary-path': [ '2.1.0' ],
46 silly audit   'is-core-module': [ '2.15.1' ],
46 silly audit   'is-extglob': [ '2.1.1' ],
46 silly audit   'is-fullwidth-code-point': [ '3.0.0' ],
46 silly audit   'is-glob': [ '4.0.3' ],
46 silly audit   'is-number': [ '7.0.0' ],
46 silly audit   isexe: [ '2.0.0' ],
46 silly audit   jackspeak: [ '3.4.3' ],
46 silly audit   jiti: [ '1.21.6' ],
46 silly audit   'laravel-vite-plugin': [ '1.0.6' ],
46 silly audit   lilconfig: [ '2.1.0', '3.1.2' ],
46 silly audit   'lines-and-columns': [ '1.2.4' ],
46 silly audit   lodash: [ '4.17.21' ],
46 silly audit   'lru-cache': [ '10.4.3' ],
46 silly audit   merge2: [ '1.4.1' ],
46 silly audit   micromatch: [ '4.0.8' ],
46 silly audit   'mime-db': [ '1.52.0' ],
46 silly audit   'mime-types': [ '2.1.35' ],
46 silly audit   minimatch: [ '9.0.5' ],
46 silly audit   minipass: [ '7.1.2' ],
46 silly audit   mz: [ '2.7.0' ],
46 silly audit   nanoid: [ '3.3.8' ],
46 silly audit   'node-addon-api': [ '7.1.1' ],
46 silly audit   'node-releases': [ '2.0.18' ],
46 silly audit   'normalize-path': [ '3.0.0' ],
46 silly audit   'normalize-range': [ '0.1.2' ],
46 silly audit   'object-assign': [ '4.1.1' ],
46 silly audit   'object-hash': [ '3.0.0' ],
46 silly audit   'package-json-from-dist': [ '1.0.1' ],
46 silly audit   'path-key': [ '3.1.1' ],
46 silly audit   'path-parse': [ '1.0.7' ],
46 silly audit   'path-scurry': [ '1.11.1' ],
46 silly audit   picocolors: [ '1.1.1' ],
46 silly audit   picomatch: [ '2.3.1' ],
46 silly audit   pify: [ '2.3.0' ],
46 silly audit   pirates: [ '4.0.6' ],
46 silly audit   postcss: [ '8.4.49' ],
46 silly audit   'postcss-import': [ '15.1.0' ],
46 silly audit   'postcss-js': [ '4.0.1' ],
46 silly audit   'postcss-load-config': [ '4.0.2' ],
46 silly audit   'postcss-nested': [ '6.2.0' ],
46 silly audit   'postcss-selector-parser': [ '6.1.2' ],
46 silly audit   'postcss-value-parser': [ '4.2.0' ],
46 silly audit   'proxy-from-env': [ '1.1.0' ],
46 silly audit   'queue-microtask': [ '1.2.3' ],
46 silly audit   'read-cache': [ '1.0.0' ],
46 silly audit   readdirp: [ '4.0.2', '3.6.0' ],
46 silly audit   'require-directory': [ '2.1.1' ],
46 silly audit   resolve: [ '1.22.8' ],
46 silly audit   reusify: [ '1.0.4' ],
46 silly audit   rollup: [ '4.27.4' ],
46 silly audit   'run-parallel': [ '1.2.0' ],
46 silly audit   rxjs: [ '7.8.1' ],
46 silly audit   sass: [ '1.81.0' ],
46 silly audit   'shebang-command': [ '2.0.0' ],
46 silly audit   'shebang-regex': [ '3.0.0' ],
46 silly audit   'shell-quote': [ '1.8.2' ],
46 silly audit   'signal-exit': [ '4.1.0' ],
46 silly audit   'source-map-js': [ '1.2.1' ],
46 silly audit   sucrase: [ '3.35.0' ],
46 silly audit   'supports-preserve-symlinks-flag': [ '1.0.0' ],
46 silly audit   tailwindcss: [ '3.4.15' ],
46 silly audit   thenify: [ '3.3.1' ],
46 silly audit   'thenify-all': [ '1.6.0' ],
46 silly audit   'to-regex-range': [ '5.0.1' ],
46 silly audit   'tree-kill': [ '1.2.2' ],
46 silly audit   'ts-interface-checker': [ '0.1.13' ],
46 silly audit   tslib: [ '2.8.1' ],
46 silly audit   'update-browserslist-db': [ '1.1.1' ],
46 silly audit   'util-deprecate': [ '1.0.2' ],
46 silly audit   vite: [ '5.4.11' ],
46 silly audit   'vite-plugin-full-reload': [ '1.2.0' ],
46 silly audit   which: [ '2.0.2' ],
46 silly audit   y18n: [ '5.0.8' ],
46 silly audit   yaml: [ '2.6.1' ],
46 silly audit   yargs: [ '17.7.2' ],
46 silly audit   'yargs-parser': [ '21.1.1' ]
46 silly audit }
47 verbose reify failed optional dependency /var/www/node_modules/fsevents
48 silly reify mark deleted [ '/var/www/node_modules/fsevents' ]
49 verbose reify failed optional dependency /var/www/node_modules/@rollup/rollup-win32-x64-msvc
50 silly reify mark deleted [ '/var/www/node_modules/@rollup/rollup-win32-x64-msvc' ]
51 verbose reify failed optional dependency /var/www/node_modules/@rollup/rollup-win32-ia32-msvc
52 silly reify mark deleted [ '/var/www/node_modules/@rollup/rollup-win32-ia32-msvc' ]
53 verbose reify failed optional dependency /var/www/node_modules/@rollup/rollup-win32-arm64-msvc
54 silly reify mark deleted [ '/var/www/node_modules/@rollup/rollup-win32-arm64-msvc' ]
55 verbose reify failed optional dependency /var/www/node_modules/@rollup/rollup-linux-x64-musl
56 silly reify mark deleted [ '/var/www/node_modules/@rollup/rollup-linux-x64-musl' ]
57 verbose reify failed optional dependency /var/www/node_modules/@rollup/rollup-linux-x64-gnu
58 silly reify mark deleted [ '/var/www/node_modules/@rollup/rollup-linux-x64-gnu' ]
59 verbose reify failed optional dependency /var/www/node_modules/@rollup/rollup-linux-s390x-gnu
60 silly reify mark deleted [ '/var/www/node_modules/@rollup/rollup-linux-s390x-gnu' ]
61 verbose reify failed optional dependency /var/www/node_modules/@rollup/rollup-linux-riscv64-gnu
62 silly reify mark deleted [ '/var/www/node_modules/@rollup/rollup-linux-riscv64-gnu' ]
63 verbose reify failed optional dependency /var/www/node_modules/@rollup/rollup-linux-powerpc64le-gnu
64 silly reify mark deleted [ '/var/www/node_modules/@rollup/rollup-linux-powerpc64le-gnu' ]
65 verbose reify failed optional dependency /var/www/node_modules/@rollup/rollup-linux-arm-musleabihf
66 silly reify mark deleted [ '/var/www/node_modules/@rollup/rollup-linux-arm-musleabihf' ]
67 verbose reify failed optional dependency /var/www/node_modules/@rollup/rollup-linux-arm-gnueabihf
68 silly reify mark deleted [ '/var/www/node_modules/@rollup/rollup-linux-arm-gnueabihf' ]
69 verbose reify failed optional dependency /var/www/node_modules/@rollup/rollup-freebsd-x64
70 silly reify mark deleted [ '/var/www/node_modules/@rollup/rollup-freebsd-x64' ]
71 verbose reify failed optional dependency /var/www/node_modules/@rollup/rollup-freebsd-arm64
72 silly reify mark deleted [ '/var/www/node_modules/@rollup/rollup-freebsd-arm64' ]
73 verbose reify failed optional dependency /var/www/node_modules/@rollup/rollup-darwin-x64
74 silly reify mark deleted [ '/var/www/node_modules/@rollup/rollup-darwin-x64' ]
75 verbose reify failed optional dependency /var/www/node_modules/@rollup/rollup-darwin-arm64
76 silly reify mark deleted [ '/var/www/node_modules/@rollup/rollup-darwin-arm64' ]
77 verbose reify failed optional dependency /var/www/node_modules/@rollup/rollup-android-arm64
78 silly reify mark deleted [ '/var/www/node_modules/@rollup/rollup-android-arm64' ]
79 verbose reify failed optional dependency /var/www/node_modules/@rollup/rollup-android-arm-eabi
80 silly reify mark deleted [ '/var/www/node_modules/@rollup/rollup-android-arm-eabi' ]
81 verbose reify failed optional dependency /var/www/node_modules/@parcel/watcher-win32-x64
82 silly reify mark deleted [ '/var/www/node_modules/@parcel/watcher-win32-x64' ]
83 verbose reify failed optional dependency /var/www/node_modules/@parcel/watcher-win32-ia32
84 silly reify mark deleted [ '/var/www/node_modules/@parcel/watcher-win32-ia32' ]
85 verbose reify failed optional dependency /var/www/node_modules/@parcel/watcher-win32-arm64
86 silly reify mark deleted [ '/var/www/node_modules/@parcel/watcher-win32-arm64' ]
87 verbose reify failed optional dependency /var/www/node_modules/@parcel/watcher-linux-x64-musl
88 silly reify mark deleted [ '/var/www/node_modules/@parcel/watcher-linux-x64-musl' ]
89 verbose reify failed optional dependency /var/www/node_modules/@parcel/watcher-linux-x64-glibc
90 silly reify mark deleted [ '/var/www/node_modules/@parcel/watcher-linux-x64-glibc' ]
91 verbose reify failed optional dependency /var/www/node_modules/@parcel/watcher-linux-arm-musl
92 silly reify mark deleted [ '/var/www/node_modules/@parcel/watcher-linux-arm-musl' ]
93 verbose reify failed optional dependency /var/www/node_modules/@parcel/watcher-linux-arm-glibc
94 silly reify mark deleted [ '/var/www/node_modules/@parcel/watcher-linux-arm-glibc' ]
95 verbose reify failed optional dependency /var/www/node_modules/@parcel/watcher-freebsd-x64
96 silly reify mark deleted [ '/var/www/node_modules/@parcel/watcher-freebsd-x64' ]
97 verbose reify failed optional dependency /var/www/node_modules/@parcel/watcher-darwin-x64
98 silly reify mark deleted [ '/var/www/node_modules/@parcel/watcher-darwin-x64' ]
99 verbose reify failed optional dependency /var/www/node_modules/@parcel/watcher-darwin-arm64
100 silly reify mark deleted [ '/var/www/node_modules/@parcel/watcher-darwin-arm64' ]
101 verbose reify failed optional dependency /var/www/node_modules/@parcel/watcher-android-arm64
102 silly reify mark deleted [ '/var/www/node_modules/@parcel/watcher-android-arm64' ]
103 verbose reify failed optional dependency /var/www/node_modules/@esbuild/win32-x64
104 silly reify mark deleted [ '/var/www/node_modules/@esbuild/win32-x64' ]
105 verbose reify failed optional dependency /var/www/node_modules/@esbuild/win32-ia32
106 silly reify mark deleted [ '/var/www/node_modules/@esbuild/win32-ia32' ]
107 verbose reify failed optional dependency /var/www/node_modules/@esbuild/win32-arm64
108 silly reify mark deleted [ '/var/www/node_modules/@esbuild/win32-arm64' ]
109 verbose reify failed optional dependency /var/www/node_modules/@esbuild/sunos-x64
110 silly reify mark deleted [ '/var/www/node_modules/@esbuild/sunos-x64' ]
111 verbose reify failed optional dependency /var/www/node_modules/@esbuild/openbsd-x64
112 silly reify mark deleted [ '/var/www/node_modules/@esbuild/openbsd-x64' ]
113 verbose reify failed optional dependency /var/www/node_modules/@esbuild/netbsd-x64
114 silly reify mark deleted [ '/var/www/node_modules/@esbuild/netbsd-x64' ]
115 verbose reify failed optional dependency /var/www/node_modules/@esbuild/linux-x64
116 silly reify mark deleted [ '/var/www/node_modules/@esbuild/linux-x64' ]
117 verbose reify failed optional dependency /var/www/node_modules/@esbuild/linux-s390x
118 silly reify mark deleted [ '/var/www/node_modules/@esbuild/linux-s390x' ]
119 verbose reify failed optional dependency /var/www/node_modules/@esbuild/linux-riscv64
120 silly reify mark deleted [ '/var/www/node_modules/@esbuild/linux-riscv64' ]
121 verbose reify failed optional dependency /var/www/node_modules/@esbuild/linux-ppc64
122 silly reify mark deleted [ '/var/www/node_modules/@esbuild/linux-ppc64' ]
123 verbose reify failed optional dependency /var/www/node_modules/@esbuild/linux-mips64el
124 silly reify mark deleted [ '/var/www/node_modules/@esbuild/linux-mips64el' ]
125 verbose reify failed optional dependency /var/www/node_modules/@esbuild/linux-loong64
126 silly reify mark deleted [ '/var/www/node_modules/@esbuild/linux-loong64' ]
127 verbose reify failed optional dependency /var/www/node_modules/@esbuild/linux-ia32
128 silly reify mark deleted [ '/var/www/node_modules/@esbuild/linux-ia32' ]
129 verbose reify failed optional dependency /var/www/node_modules/@esbuild/linux-arm
130 silly reify mark deleted [ '/var/www/node_modules/@esbuild/linux-arm' ]
131 verbose reify failed optional dependency /var/www/node_modules/@esbuild/freebsd-x64
132 silly reify mark deleted [ '/var/www/node_modules/@esbuild/freebsd-x64' ]
133 verbose reify failed optional dependency /var/www/node_modules/@esbuild/freebsd-arm64
134 silly reify mark deleted [ '/var/www/node_modules/@esbuild/freebsd-arm64' ]
135 verbose reify failed optional dependency /var/www/node_modules/@esbuild/darwin-x64
136 silly reify mark deleted [ '/var/www/node_modules/@esbuild/darwin-x64' ]
137 verbose reify failed optional dependency /var/www/node_modules/@esbuild/darwin-arm64
138 silly reify mark deleted [ '/var/www/node_modules/@esbuild/darwin-arm64' ]
139 verbose reify failed optional dependency /var/www/node_modules/@esbuild/android-x64
140 silly reify mark deleted [ '/var/www/node_modules/@esbuild/android-x64' ]
141 verbose reify failed optional dependency /var/www/node_modules/@esbuild/android-arm64
142 silly reify mark deleted [ '/var/www/node_modules/@esbuild/android-arm64' ]
143 verbose reify failed optional dependency /var/www/node_modules/@esbuild/android-arm
144 silly reify mark deleted [ '/var/www/node_modules/@esbuild/android-arm' ]
145 verbose reify failed optional dependency /var/www/node_modules/@esbuild/aix-ppc64
146 silly reify mark deleted [ '/var/www/node_modules/@esbuild/aix-ppc64' ]
147 timing reifyNode:node_modules/fsevents Completed in 86ms
148 timing reifyNode:node_modules/@rollup/rollup-win32-x64-msvc Completed in 85ms
149 timing reifyNode:node_modules/@rollup/rollup-win32-ia32-msvc Completed in 85ms
150 timing reifyNode:node_modules/@rollup/rollup-win32-arm64-msvc Completed in 85ms
151 timing reifyNode:node_modules/@rollup/rollup-linux-x64-musl Completed in 85ms
152 timing reifyNode:node_modules/@rollup/rollup-linux-x64-gnu Completed in 85ms
153 timing reifyNode:node_modules/@rollup/rollup-linux-s390x-gnu Completed in 85ms
154 timing reifyNode:node_modules/@rollup/rollup-linux-riscv64-gnu Completed in 85ms
155 timing reifyNode:node_modules/@rollup/rollup-linux-powerpc64le-gnu Completed in 85ms
156 timing reifyNode:node_modules/@rollup/rollup-linux-arm-musleabihf Completed in 85ms
157 timing reifyNode:node_modules/@rollup/rollup-linux-arm-gnueabihf Completed in 85ms
158 timing reifyNode:node_modules/@rollup/rollup-freebsd-x64 Completed in 85ms
159 timing reifyNode:node_modules/@rollup/rollup-freebsd-arm64 Completed in 85ms
160 timing reifyNode:node_modules/@rollup/rollup-darwin-x64 Completed in 85ms
161 timing reifyNode:node_modules/@rollup/rollup-darwin-arm64 Completed in 85ms
162 timing reifyNode:node_modules/@rollup/rollup-android-arm64 Completed in 85ms
163 timing reifyNode:node_modules/@rollup/rollup-android-arm-eabi Completed in 85ms
164 timing reifyNode:node_modules/@parcel/watcher-win32-x64 Completed in 85ms
165 timing reifyNode:node_modules/@parcel/watcher-win32-ia32 Completed in 85ms
166 timing reifyNode:node_modules/@parcel/watcher-win32-arm64 Completed in 85ms
167 timing reifyNode:node_modules/@parcel/watcher-linux-x64-musl Completed in 85ms
168 timing reifyNode:node_modules/@parcel/watcher-linux-x64-glibc Completed in 85ms
169 timing reifyNode:node_modules/@parcel/watcher-linux-arm-musl Completed in 86ms
170 timing reifyNode:node_modules/@parcel/watcher-linux-arm-glibc Completed in 86ms
171 timing reifyNode:node_modules/@parcel/watcher-freebsd-x64 Completed in 86ms
172 timing reifyNode:node_modules/@parcel/watcher-darwin-x64 Completed in 86ms
173 timing reifyNode:node_modules/@parcel/watcher-darwin-arm64 Completed in 86ms
174 timing reifyNode:node_modules/@parcel/watcher-android-arm64 Completed in 86ms
175 timing reifyNode:node_modules/@esbuild/win32-x64 Completed in 86ms
176 timing reifyNode:node_modules/@esbuild/win32-ia32 Completed in 86ms
177 timing reifyNode:node_modules/@esbuild/win32-arm64 Completed in 86ms
178 timing reifyNode:node_modules/@esbuild/sunos-x64 Completed in 86ms
179 timing reifyNode:node_modules/@esbuild/openbsd-x64 Completed in 86ms
180 timing reifyNode:node_modules/@esbuild/netbsd-x64 Completed in 86ms
181 timing reifyNode:node_modules/@esbuild/linux-x64 Completed in 86ms
182 timing reifyNode:node_modules/@esbuild/linux-s390x Completed in 86ms
183 timing reifyNode:node_modules/@esbuild/linux-riscv64 Completed in 86ms
184 timing reifyNode:node_modules/@esbuild/linux-ppc64 Completed in 86ms
185 timing reifyNode:node_modules/@esbuild/linux-mips64el Completed in 87ms
186 timing reifyNode:node_modules/@esbuild/linux-loong64 Completed in 90ms
187 timing reifyNode:node_modules/@esbuild/linux-ia32 Completed in 90ms
188 timing reifyNode:node_modules/@esbuild/linux-arm Completed in 90ms
189 timing reifyNode:node_modules/@esbuild/freebsd-x64 Completed in 90ms
190 timing reifyNode:node_modules/@esbuild/freebsd-arm64 Completed in 90ms
191 timing reifyNode:node_modules/@esbuild/darwin-x64 Completed in 90ms
192 timing reifyNode:node_modules/@esbuild/darwin-arm64 Completed in 90ms
193 timing reifyNode:node_modules/@esbuild/android-x64 Completed in 90ms
194 timing reifyNode:node_modules/@esbuild/android-arm64 Completed in 90ms
195 timing reifyNode:node_modules/@esbuild/android-arm Completed in 90ms
196 timing reifyNode:node_modules/@esbuild/aix-ppc64 Completed in 90ms
197 silly tarball no local data for yargs-parser@https://registry.npmjs.org/yargs-parser/-/yargs-parser-21.1.1.tgz. Extracting by manifest.
198 silly tarball no local data for yargs@https://registry.npmjs.org/yargs/-/yargs-17.7.2.tgz. Extracting by manifest.
199 silly tarball no local data for y18n@https://registry.npmjs.org/y18n/-/y18n-5.0.8.tgz. Extracting by manifest.
200 silly tarball no local data for which@https://registry.npmjs.org/which/-/which-2.0.2.tgz. Extracting by manifest.
201 silly tarball no local data for vite-plugin-full-reload@https://registry.npmjs.org/vite-plugin-full-reload/-/vite-plugin-full-reload-1.2.0.tgz. Extracting by manifest.
202 silly tarball no local data for vite@https://registry.npmjs.org/vite/-/vite-5.4.11.tgz. Extracting by manifest.
203 silly tarball no local data for util-deprecate@https://registry.npmjs.org/util-deprecate/-/util-deprecate-1.0.2.tgz. Extracting by manifest.
204 silly tarball no local data for update-browserslist-db@https://registry.npmjs.org/update-browserslist-db/-/update-browserslist-db-1.1.1.tgz. Extracting by manifest.
205 silly tarball no local data for tslib@https://registry.npmjs.org/tslib/-/tslib-2.8.1.tgz. Extracting by manifest.
206 silly tarball no local data for ts-interface-checker@https://registry.npmjs.org/ts-interface-checker/-/ts-interface-checker-0.1.13.tgz. Extracting by manifest.
207 silly tarball no local data for tree-kill@https://registry.npmjs.org/tree-kill/-/tree-kill-1.2.2.tgz. Extracting by manifest.
208 silly tarball no local data for thenify@https://registry.npmjs.org/thenify/-/thenify-3.3.1.tgz. Extracting by manifest.
209 silly tarball no local data for to-regex-range@https://registry.npmjs.org/to-regex-range/-/to-regex-range-5.0.1.tgz. Extracting by manifest.
210 silly tarball no local data for thenify-all@https://registry.npmjs.org/thenify-all/-/thenify-all-1.6.0.tgz. Extracting by manifest.
211 silly tarball no local data for supports-preserve-symlinks-flag@https://registry.npmjs.org/supports-preserve-symlinks-flag/-/supports-preserve-symlinks-flag-1.0.0.tgz. Extracting by manifest.
212 silly tarball no local data for tailwindcss@https://registry.npmjs.org/tailwindcss/-/tailwindcss-3.4.15.tgz. Extracting by manifest.
213 silly tarball no local data for sucrase@https://registry.npmjs.org/sucrase/-/sucrase-3.35.0.tgz. Extracting by manifest.
214 silly tarball no local data for supports-color@https://registry.npmjs.org/supports-color/-/supports-color-8.1.1.tgz. Extracting by manifest.
215 silly tarball no local data for strip-ansi@https://registry.npmjs.org/strip-ansi/-/strip-ansi-7.1.0.tgz. Extracting by manifest.
216 silly tarball no local data for strip-ansi-cjs@https://registry.npmjs.org/strip-ansi/-/strip-ansi-6.0.1.tgz. Extracting by manifest.
217 silly tarball no local data for string-width@https://registry.npmjs.org/string-width/-/string-width-5.1.2.tgz. Extracting by manifest.
218 silly tarball no local data for string-width-cjs@https://registry.npmjs.org/string-width/-/string-width-4.2.3.tgz. Extracting by manifest.
219 silly tarball no local data for source-map-js@https://registry.npmjs.org/source-map-js/-/source-map-js-1.2.1.tgz. Extracting by manifest.
220 silly tarball no local data for signal-exit@https://registry.npmjs.org/signal-exit/-/signal-exit-4.1.0.tgz. Extracting by manifest.
221 silly tarball no local data for shebang-regex@https://registry.npmjs.org/shebang-regex/-/shebang-regex-3.0.0.tgz. Extracting by manifest.
222 silly tarball no local data for shell-quote@https://registry.npmjs.org/shell-quote/-/shell-quote-1.8.2.tgz. Extracting by manifest.
223 silly tarball no local data for shebang-command@https://registry.npmjs.org/shebang-command/-/shebang-command-2.0.0.tgz. Extracting by manifest.
224 silly tarball no local data for sass@https://registry.npmjs.org/sass/-/sass-1.81.0.tgz. Extracting by manifest.
225 silly tarball no local data for run-parallel@https://registry.npmjs.org/run-parallel/-/run-parallel-1.2.0.tgz. Extracting by manifest.
226 silly tarball no local data for rxjs@https://registry.npmjs.org/rxjs/-/rxjs-7.8.1.tgz. Extracting by manifest.
227 silly tarball no local data for rollup@https://registry.npmjs.org/rollup/-/rollup-4.27.4.tgz. Extracting by manifest.
228 silly tarball no local data for reusify@https://registry.npmjs.org/reusify/-/reusify-1.0.4.tgz. Extracting by manifest.
229 silly tarball no local data for resolve@https://registry.npmjs.org/resolve/-/resolve-1.22.8.tgz. Extracting by manifest.
230 silly tarball no local data for require-directory@https://registry.npmjs.org/require-directory/-/require-directory-2.1.1.tgz. Extracting by manifest.
231 silly tarball no local data for readdirp@https://registry.npmjs.org/readdirp/-/readdirp-4.0.2.tgz. Extracting by manifest.
232 silly tarball no local data for read-cache@https://registry.npmjs.org/read-cache/-/read-cache-1.0.0.tgz. Extracting by manifest.
233 silly tarball no local data for queue-microtask@https://registry.npmjs.org/queue-microtask/-/queue-microtask-1.2.3.tgz. Extracting by manifest.
234 silly tarball no local data for proxy-from-env@https://registry.npmjs.org/proxy-from-env/-/proxy-from-env-1.1.0.tgz. Extracting by manifest.
235 silly tarball no local data for postcss-value-parser@https://registry.npmjs.org/postcss-value-parser/-/postcss-value-parser-4.2.0.tgz. Extracting by manifest.
236 silly tarball no local data for postcss-selector-parser@https://registry.npmjs.org/postcss-selector-parser/-/postcss-selector-parser-6.1.2.tgz. Extracting by manifest.
237 silly tarball no local data for postcss-nested@https://registry.npmjs.org/postcss-nested/-/postcss-nested-6.2.0.tgz. Extracting by manifest.
238 silly tarball no local data for postcss-js@https://registry.npmjs.org/postcss-js/-/postcss-js-4.0.1.tgz. Extracting by manifest.
239 silly tarball no local data for postcss-load-config@https://registry.npmjs.org/postcss-load-config/-/postcss-load-config-4.0.2.tgz. Extracting by manifest.
240 silly tarball no local data for postcss-import@https://registry.npmjs.org/postcss-import/-/postcss-import-15.1.0.tgz. Extracting by manifest.
241 silly tarball no local data for postcss@https://registry.npmjs.org/postcss/-/postcss-8.4.49.tgz. Extracting by manifest.
242 silly tarball no local data for picocolors@https://registry.npmjs.org/picocolors/-/picocolors-1.1.1.tgz. Extracting by manifest.
243 silly tarball no local data for path-scurry@https://registry.npmjs.org/path-scurry/-/path-scurry-1.11.1.tgz. Extracting by manifest.
244 silly tarball no local data for path-parse@https://registry.npmjs.org/path-parse/-/path-parse-1.0.7.tgz. Extracting by manifest.
245 silly tarball no local data for package-json-from-dist@https://registry.npmjs.org/package-json-from-dist/-/package-json-from-dist-1.0.1.tgz. Extracting by manifest.
246 silly tarball no local data for object-hash@https://registry.npmjs.org/object-hash/-/object-hash-3.0.0.tgz. Extracting by manifest.
247 silly tarball no local data for pirates@https://registry.npmjs.org/pirates/-/pirates-4.0.6.tgz. Extracting by manifest.
248 silly tarball no local data for object-assign@https://registry.npmjs.org/object-assign/-/object-assign-4.1.1.tgz. Extracting by manifest.
249 silly tarball no local data for pify@https://registry.npmjs.org/pify/-/pify-2.3.0.tgz. Extracting by manifest.
250 silly tarball no local data for normalize-path@https://registry.npmjs.org/normalize-path/-/normalize-path-3.0.0.tgz. Extracting by manifest.
251 silly tarball no local data for node-addon-api@https://registry.npmjs.org/node-addon-api/-/node-addon-api-7.1.1.tgz. Extracting by manifest.
252 silly tarball no local data for nanoid@https://registry.npmjs.org/nanoid/-/nanoid-3.3.8.tgz. Extracting by manifest.
253 silly tarball no local data for mz@https://registry.npmjs.org/mz/-/mz-2.7.0.tgz. Extracting by manifest.
254 silly tarball no local data for mime-types@https://registry.npmjs.org/mime-types/-/mime-types-2.1.35.tgz. Extracting by manifest.
255 silly tarball no local data for minipass@https://registry.npmjs.org/minipass/-/minipass-7.1.2.tgz. Extracting by manifest.
256 silly tarball no local data for micromatch@https://registry.npmjs.org/micromatch/-/micromatch-4.0.8.tgz. Extracting by manifest.
257 silly tarball no local data for minimatch@https://registry.npmjs.org/minimatch/-/minimatch-9.0.5.tgz. Extracting by manifest.
258 silly tarball no local data for mime-db@https://registry.npmjs.org/mime-db/-/mime-db-1.52.0.tgz. Extracting by manifest.
259 silly tarball no local data for merge2@https://registry.npmjs.org/merge2/-/merge2-1.4.1.tgz. Extracting by manifest.
260 silly tarball no local data for picomatch@https://registry.npmjs.org/picomatch/-/picomatch-2.3.1.tgz. Extracting by manifest.
261 silly tarball no local data for lodash@https://registry.npmjs.org/lodash/-/lodash-4.17.21.tgz. Extracting by manifest.
262 silly tarball no local data for normalize-range@https://registry.npmjs.org/normalize-range/-/normalize-range-0.1.2.tgz. Extracting by manifest.
263 silly tarball no local data for lilconfig@https://registry.npmjs.org/lilconfig/-/lilconfig-2.1.0.tgz. Extracting by manifest.
264 silly tarball no local data for laravel-vite-plugin@https://registry.npmjs.org/laravel-vite-plugin/-/laravel-vite-plugin-1.0.6.tgz. Extracting by manifest.
265 silly tarball no local data for lru-cache@https://registry.npmjs.org/lru-cache/-/lru-cache-10.4.3.tgz. Extracting by manifest.
266 silly tarball no local data for jiti@https://registry.npmjs.org/jiti/-/jiti-1.21.6.tgz. Extracting by manifest.
267 silly tarball no local data for jackspeak@https://registry.npmjs.org/jackspeak/-/jackspeak-3.4.3.tgz. Extracting by manifest.
268 silly tarball no local data for is-glob@https://registry.npmjs.org/is-glob/-/is-glob-4.0.3.tgz. Extracting by manifest.
269 silly tarball no local data for is-number@https://registry.npmjs.org/is-number/-/is-number-7.0.0.tgz. Extracting by manifest.
270 silly tarball no local data for isexe@https://registry.npmjs.org/isexe/-/isexe-2.0.0.tgz. Extracting by manifest.
271 silly tarball no local data for node-releases@https://registry.npmjs.org/node-releases/-/node-releases-2.0.18.tgz. Extracting by manifest.
272 silly tarball no local data for yaml@https://registry.npmjs.org/yaml/-/yaml-2.6.1.tgz. Extracting by manifest.
273 silly tarball no local data for lines-and-columns@https://registry.npmjs.org/lines-and-columns/-/lines-and-columns-1.2.4.tgz. Extracting by manifest.
274 silly tarball no local data for wrap-ansi-cjs@https://registry.npmjs.org/wrap-ansi/-/wrap-ansi-7.0.0.tgz. Extracting by manifest.
275 silly tarball no local data for wrap-ansi@https://registry.npmjs.org/wrap-ansi/-/wrap-ansi-8.1.0.tgz. Extracting by manifest.
276 silly tarball no local data for has-flag@https://registry.npmjs.org/has-flag/-/has-flag-4.0.0.tgz. Extracting by manifest.
277 silly tarball no local data for glob-parent@https://registry.npmjs.org/glob-parent/-/glob-parent-6.0.2.tgz. Extracting by manifest.
278 silly tarball no local data for is-binary-path@https://registry.npmjs.org/is-binary-path/-/is-binary-path-2.1.0.tgz. Extracting by manifest.
279 silly tarball no local data for get-caller-file@https://registry.npmjs.org/get-caller-file/-/get-caller-file-2.0.5.tgz. Extracting by manifest.
280 silly tarball no local data for is-fullwidth-code-point@https://registry.npmjs.org/is-fullwidth-code-point/-/is-fullwidth-code-point-3.0.0.tgz. Extracting by manifest.
281 silly tarball no local data for form-data@https://registry.npmjs.org/form-data/-/form-data-4.0.1.tgz. Extracting by manifest.
282 silly tarball no local data for fraction.js@https://registry.npmjs.org/fraction.js/-/fraction.js-4.3.7.tgz. Extracting by manifest.
283 silly tarball no local data for hasown@https://registry.npmjs.org/hasown/-/hasown-2.0.2.tgz. Extracting by manifest.
284 silly tarball no local data for foreground-child@https://registry.npmjs.org/foreground-child/-/foreground-child-3.3.0.tgz. Extracting by manifest.
285 silly tarball no local data for glob@https://registry.npmjs.org/glob/-/glob-10.4.5.tgz. Extracting by manifest.
286 silly tarball no local data for fill-range@https://registry.npmjs.org/fill-range/-/fill-range-7.1.1.tgz. Extracting by manifest.
287 silly tarball no local data for fastq@https://registry.npmjs.org/fastq/-/fastq-1.17.1.tgz. Extracting by manifest.
288 silly tarball no local data for fast-glob@https://registry.npmjs.org/fast-glob/-/fast-glob-3.3.2.tgz. Extracting by manifest.
289 silly tarball no local data for esbuild@https://registry.npmjs.org/esbuild/-/esbuild-0.21.5.tgz. Extracting by manifest.
290 silly tarball no local data for eastasianwidth@https://registry.npmjs.org/eastasianwidth/-/eastasianwidth-0.2.0.tgz. Extracting by manifest.
291 silly tarball no local data for emoji-regex@https://registry.npmjs.org/emoji-regex/-/emoji-regex-9.2.2.tgz. Extracting by manifest.
292 silly tarball no local data for electron-to-chromium@https://registry.npmjs.org/electron-to-chromium/-/electron-to-chromium-1.5.66.tgz. Extracting by manifest.
293 silly tarball no local data for didyoumean@https://registry.npmjs.org/didyoumean/-/didyoumean-1.2.2.tgz. Extracting by manifest.
294 silly tarball no local data for detect-libc@https://registry.npmjs.org/detect-libc/-/detect-libc-1.0.3.tgz. Extracting by manifest.
295 silly tarball no local data for delayed-stream@https://registry.npmjs.org/delayed-stream/-/delayed-stream-1.0.0.tgz. Extracting by manifest.
296 silly tarball no local data for escalade@https://registry.npmjs.org/escalade/-/escalade-3.2.0.tgz. Extracting by manifest.
297 silly tarball no local data for cross-spawn@https://registry.npmjs.org/cross-spawn/-/cross-spawn-7.0.6.tgz. Extracting by manifest.
298 silly tarball no local data for concurrently@https://registry.npmjs.org/concurrently/-/concurrently-9.1.0.tgz. Extracting by manifest.
299 silly tarball no local data for combined-stream@https://registry.npmjs.org/combined-stream/-/combined-stream-1.0.8.tgz. Extracting by manifest.
300 silly tarball no local data for cssesc@https://registry.npmjs.org/cssesc/-/cssesc-3.0.0.tgz. Extracting by manifest.
301 silly tarball no local data for color-name@https://registry.npmjs.org/color-name/-/color-name-1.1.4.tgz. Extracting by manifest.
302 silly tarball no local data for cliui@https://registry.npmjs.org/cliui/-/cliui-8.0.1.tgz. Extracting by manifest.
303 silly tarball no local data for color-convert@https://registry.npmjs.org/color-convert/-/color-convert-2.0.1.tgz. Extracting by manifest.
304 silly tarball no local data for is-extglob@https://registry.npmjs.org/is-extglob/-/is-extglob-2.1.1.tgz. Extracting by manifest.
305 silly tarball no local data for caniuse-lite@https://registry.npmjs.org/caniuse-lite/-/caniuse-lite-1.0.30001684.tgz. Extracting by manifest.
306 silly tarball no local data for immutable@https://registry.npmjs.org/immutable/-/immutable-5.0.3.tgz. Extracting by manifest.
307 silly tarball no local data for chokidar@https://registry.npmjs.org/chokidar/-/chokidar-4.0.1.tgz. Extracting by manifest.
308 silly tarball no local data for is-core-module@https://registry.npmjs.org/is-core-module/-/is-core-module-2.15.1.tgz. Extracting by manifest.
309 silly tarball no local data for commander@https://registry.npmjs.org/commander/-/commander-4.1.1.tgz. Extracting by manifest.
310 silly tarball no local data for braces@https://registry.npmjs.org/braces/-/braces-3.0.3.tgz. Extracting by manifest.
311 silly tarball no local data for browserslist@https://registry.npmjs.org/browserslist/-/browserslist-4.24.2.tgz. Extracting by manifest.
312 silly tarball no local data for bootstrap@https://registry.npmjs.org/bootstrap/-/bootstrap-5.3.3.tgz. Extracting by manifest.
313 silly tarball no local data for balanced-match@https://registry.npmjs.org/balanced-match/-/balanced-match-1.0.2.tgz. Extracting by manifest.
314 silly tarball no local data for axios@https://registry.npmjs.org/axios/-/axios-1.7.8.tgz. Extracting by manifest.
315 silly tarball no local data for binary-extensions@https://registry.npmjs.org/binary-extensions/-/binary-extensions-2.3.0.tgz. Extracting by manifest.
316 silly tarball no local data for dlv@https://registry.npmjs.org/dlv/-/dlv-1.1.3.tgz. Extracting by manifest.
317 silly tarball no local data for asynckit@https://registry.npmjs.org/asynckit/-/asynckit-0.4.0.tgz. Extracting by manifest.
318 silly tarball no local data for anymatch@https://registry.npmjs.org/anymatch/-/anymatch-3.1.3.tgz. Extracting by manifest.
319 silly tarball no local data for autoprefixer@https://registry.npmjs.org/autoprefixer/-/autoprefixer-10.4.20.tgz. Extracting by manifest.
320 silly tarball no local data for any-promise@https://registry.npmjs.org/any-promise/-/any-promise-1.3.0.tgz. Extracting by manifest.
321 silly tarball no local data for ansi-styles@https://registry.npmjs.org/ansi-styles/-/ansi-styles-4.3.0.tgz. Extracting by manifest.
322 silly tarball no local data for @types/estree@https://registry.npmjs.org/@types/estree/-/estree-1.0.6.tgz. Extracting by manifest.
323 silly tarball no local data for camelcase-css@https://registry.npmjs.org/camelcase-css/-/camelcase-css-2.0.1.tgz. Extracting by manifest.
324 silly tarball no local data for ansi-regex@https://registry.npmjs.org/ansi-regex/-/ansi-regex-6.1.0.tgz. Extracting by manifest.
325 silly tarball no local data for @rollup/rollup-linux-arm64-musl@https://registry.npmjs.org/@rollup/rollup-linux-arm64-musl/-/rollup-linux-arm64-musl-4.27.4.tgz. Extracting by manifest.
326 silly tarball no local data for follow-redirects@https://registry.npmjs.org/follow-redirects/-/follow-redirects-1.15.9.tgz. Extracting by manifest.
327 silly tarball no local data for @rollup/rollup-linux-arm64-gnu@https://registry.npmjs.org/@rollup/rollup-linux-arm64-gnu/-/rollup-linux-arm64-gnu-4.27.4.tgz. Extracting by manifest.
328 silly tarball no local data for @pkgjs/parseargs@https://registry.npmjs.org/@pkgjs/parseargs/-/parseargs-0.11.0.tgz. Extracting by manifest.
329 silly tarball no local data for @popperjs/core@https://registry.npmjs.org/@popperjs/core/-/core-2.11.8.tgz. Extracting by manifest.
330 silly tarball no local data for brace-expansion@https://registry.npmjs.org/brace-expansion/-/brace-expansion-2.0.1.tgz. Extracting by manifest.
331 silly tarball no local data for @parcel/watcher-linux-arm64-musl@https://registry.npmjs.org/@parcel/watcher-linux-arm64-musl/-/watcher-linux-arm64-musl-2.5.0.tgz. Extracting by manifest.
332 silly tarball no local data for @nodelib/fs.walk@https://registry.npmjs.org/@nodelib/fs.walk/-/fs.walk-1.2.8.tgz. Extracting by manifest.
333 silly tarball no local data for @jridgewell/trace-mapping@https://registry.npmjs.org/@jridgewell/trace-mapping/-/trace-mapping-0.3.25.tgz. Extracting by manifest.
334 silly tarball no local data for @parcel/watcher-linux-arm64-glibc@https://registry.npmjs.org/@parcel/watcher-linux-arm64-glibc/-/watcher-linux-arm64-glibc-2.5.0.tgz. Extracting by manifest.
335 silly tarball no local data for @parcel/watcher@https://registry.npmjs.org/@parcel/watcher/-/watcher-2.5.0.tgz. Extracting by manifest.
336 silly tarball no local data for @nodelib/fs.stat@https://registry.npmjs.org/@nodelib/fs.stat/-/fs.stat-2.0.5.tgz. Extracting by manifest.
337 silly tarball no local data for @jridgewell/sourcemap-codec@https://registry.npmjs.org/@jridgewell/sourcemap-codec/-/sourcemap-codec-1.5.0.tgz. Extracting by manifest.
338 silly tarball no local data for chalk@https://registry.npmjs.org/chalk/-/chalk-4.1.2.tgz. Extracting by manifest.
339 silly tarball no local data for @jridgewell/gen-mapping@https://registry.npmjs.org/@jridgewell/gen-mapping/-/gen-mapping-0.3.5.tgz. Extracting by manifest.
340 silly tarball no local data for @nodelib/fs.scandir@https://registry.npmjs.org/@nodelib/fs.scandir/-/fs.scandir-2.1.5.tgz. Extracting by manifest.
341 silly tarball no local data for @esbuild/linux-arm64@https://registry.npmjs.org/@esbuild/linux-arm64/-/linux-arm64-0.21.5.tgz. Extracting by manifest.
342 silly tarball no local data for @alloc/quick-lru@https://registry.npmjs.org/@alloc/quick-lru/-/quick-lru-5.2.0.tgz. Extracting by manifest.
343 silly tarball no local data for @jridgewell/set-array@https://registry.npmjs.org/@jridgewell/set-array/-/set-array-1.2.1.tgz. Extracting by manifest.
344 silly tarball no local data for @isaacs/cliui@https://registry.npmjs.org/@isaacs/cliui/-/cliui-8.0.2.tgz. Extracting by manifest.
345 silly tarball no local data for strip-ansi@https://registry.npmjs.org/strip-ansi/-/strip-ansi-6.0.1.tgz. Extracting by manifest.
346 silly tarball no local data for string-width@https://registry.npmjs.org/string-width/-/string-width-4.2.3.tgz. Extracting by manifest.
347 silly tarball no local data for strip-ansi@https://registry.npmjs.org/strip-ansi/-/strip-ansi-6.0.1.tgz. Extracting by manifest.
348 silly tarball no local data for emoji-regex@https://registry.npmjs.org/emoji-regex/-/emoji-regex-8.0.0.tgz. Extracting by manifest.
349 silly tarball no local data for function-bind@https://registry.npmjs.org/function-bind/-/function-bind-1.1.2.tgz. Extracting by manifest.
350 silly tarball no local data for ansi-regex@https://registry.npmjs.org/ansi-regex/-/ansi-regex-5.0.1.tgz. Extracting by manifest.
351 silly tarball no local data for emoji-regex@https://registry.npmjs.org/emoji-regex/-/emoji-regex-8.0.0.tgz. Extracting by manifest.
352 silly tarball no local data for ansi-styles@https://registry.npmjs.org/ansi-styles/-/ansi-styles-6.2.1.tgz. Extracting by manifest.
353 silly tarball no local data for readdirp@https://registry.npmjs.org/readdirp/-/readdirp-3.6.0.tgz. Extracting by manifest.
354 silly tarball no local data for ansi-regex@https://registry.npmjs.org/ansi-regex/-/ansi-regex-5.0.1.tgz. Extracting by manifest.
355 silly tarball no local data for strip-ansi@https://registry.npmjs.org/strip-ansi/-/strip-ansi-6.0.1.tgz. Extracting by manifest.
356 silly tarball no local data for ansi-regex@https://registry.npmjs.org/ansi-regex/-/ansi-regex-5.0.1.tgz. Extracting by manifest.
357 silly tarball no local data for chokidar@https://registry.npmjs.org/chokidar/-/chokidar-3.6.0.tgz. Extracting by manifest.
358 silly tarball no local data for ansi-regex@https://registry.npmjs.org/ansi-regex/-/ansi-regex-5.0.1.tgz. Extracting by manifest.
359 silly tarball no local data for glob-parent@https://registry.npmjs.org/glob-parent/-/glob-parent-5.1.2.tgz. Extracting by manifest.
360 silly tarball no local data for string-width@https://registry.npmjs.org/string-width/-/string-width-4.2.3.tgz. Extracting by manifest.
361 silly tarball no local data for emoji-regex@https://registry.npmjs.org/emoji-regex/-/emoji-regex-8.0.0.tgz. Extracting by manifest.
362 silly tarball no local data for lilconfig@https://registry.npmjs.org/lilconfig/-/lilconfig-3.1.2.tgz. Extracting by manifest.
363 silly tarball no local data for ansi-regex@https://registry.npmjs.org/ansi-regex/-/ansi-regex-5.0.1.tgz. Extracting by manifest.
364 silly tarball no local data for glob-parent@https://registry.npmjs.org/glob-parent/-/glob-parent-5.1.2.tgz. Extracting by manifest.
365 silly tarball no local data for wrap-ansi@https://registry.npmjs.org/wrap-ansi/-/wrap-ansi-7.0.0.tgz. Extracting by manifest.
366 silly tarball no local data for supports-color@https://registry.npmjs.org/supports-color/-/supports-color-7.2.0.tgz. Extracting by manifest.
367 silly tarball no local data for path-key@https://registry.npmjs.org/path-key/-/path-key-3.1.1.tgz. Extracting by manifest.
368 silly tarball no local data for @jridgewell/resolve-uri@https://registry.npmjs.org/@jridgewell/resolve-uri/-/resolve-uri-3.1.2.tgz. Extracting by manifest.
369 silly tarball no local data for string-width@https://registry.npmjs.org/string-width/-/string-width-4.2.3.tgz. Extracting by manifest.
370 silly tarball no local data for arg@https://registry.npmjs.org/arg/-/arg-5.0.2.tgz. Extracting by manifest.
371 silly tarball no local data for emoji-regex@https://registry.npmjs.org/emoji-regex/-/emoji-regex-8.0.0.tgz. Extracting by manifest.
372 silly tarball no local data for strip-ansi@https://registry.npmjs.org/strip-ansi/-/strip-ansi-6.0.1.tgz. Extracting by manifest.
373 http fetch POST 200 https://registry.npmjs.org/-/npm/v1/security/advisories/bulk 629ms
374 timing auditReport:getReport Completed in 635ms
375 silly audit report {}
376 timing auditReport:init Completed in 0ms
377 timing reify:audit Completed in 637ms
378 http fetch GET 200 https://registry.npmjs.org/tree-kill/-/tree-kill-1.2.2.tgz 616ms (cache miss)
379 timing reifyNode:node_modules/tree-kill Completed in 776ms
380 http fetch GET 200 https://registry.npmjs.org/to-regex-range/-/to-regex-range-5.0.1.tgz 642ms (cache miss)
381 timing reifyNode:node_modules/to-regex-range Completed in 803ms
382 http fetch GET 200 https://registry.npmjs.org/thenify/-/thenify-3.3.1.tgz 644ms (cache miss)
383 timing reifyNode:node_modules/thenify Completed in 804ms
384 http fetch GET 200 https://registry.npmjs.org/vite-plugin-full-reload/-/vite-plugin-full-reload-1.2.0.tgz 653ms (cache miss)
385 timing reifyNode:node_modules/vite-plugin-full-reload Completed in 806ms
386 http fetch GET 200 https://registry.npmjs.org/update-browserslist-db/-/update-browserslist-db-1.1.1.tgz 668ms (cache miss)
387 timing reifyNode:node_modules/update-browserslist-db Completed in 825ms
388 http fetch GET 200 https://registry.npmjs.org/thenify-all/-/thenify-all-1.6.0.tgz 689ms (cache miss)
389 timing reifyNode:node_modules/thenify-all Completed in 852ms
390 http fetch GET 200 https://registry.npmjs.org/util-deprecate/-/util-deprecate-1.0.2.tgz 697ms (cache miss)
391 timing reifyNode:node_modules/util-deprecate Completed in 854ms
392 http fetch GET 200 https://registry.npmjs.org/which/-/which-2.0.2.tgz 702ms (cache miss)
393 timing reifyNode:node_modules/which Completed in 854ms
394 http fetch GET 200 https://registry.npmjs.org/supports-preserve-symlinks-flag/-/supports-preserve-symlinks-flag-1.0.0.tgz 691ms (cache miss)
395 http fetch GET 200 https://registry.npmjs.org/supports-color/-/supports-color-8.1.1.tgz 690ms (cache miss)
396 timing reifyNode:node_modules/supports-color Completed in 855ms
397 timing reifyNode:node_modules/supports-preserve-symlinks-flag Completed in 855ms
398 http fetch GET 200 https://registry.npmjs.org/string-width/-/string-width-5.1.2.tgz 687ms (cache miss)
399 timing reifyNode:node_modules/string-width Completed in 855ms
400 http fetch GET 200 https://registry.npmjs.org/string-width/-/string-width-4.2.3.tgz 689ms (cache miss)
401 timing reifyNode:node_modules/string-width-cjs Completed in 857ms
402 http fetch GET 200 https://registry.npmjs.org/strip-ansi/-/strip-ansi-7.1.0.tgz 692ms (cache miss)
403 timing reifyNode:node_modules/strip-ansi Completed in 858ms
404 http fetch GET 200 https://registry.npmjs.org/shebang-regex/-/shebang-regex-3.0.0.tgz 696ms (cache miss)
405 timing reifyNode:node_modules/shebang-regex Completed in 867ms
406 http fetch GET 200 https://registry.npmjs.org/shebang-command/-/shebang-command-2.0.0.tgz 696ms (cache miss)
407 timing reifyNode:node_modules/shebang-command Completed in 869ms
408 http fetch GET 200 https://registry.npmjs.org/y18n/-/y18n-5.0.8.tgz 736ms (cache miss)
409 timing reifyNode:node_modules/y18n Completed in 887ms
410 http fetch GET 200 https://registry.npmjs.org/run-parallel/-/run-parallel-1.2.0.tgz 713ms (cache miss)
411 timing reifyNode:node_modules/run-parallel Completed in 888ms
412 http fetch GET 200 https://registry.npmjs.org/strip-ansi/-/strip-ansi-6.0.1.tgz 776ms (cache miss)
413 timing reifyNode:node_modules/strip-ansi-cjs Completed in 943ms
414 http fetch GET 200 https://registry.npmjs.org/require-directory/-/require-directory-2.1.1.tgz 791ms (cache miss)
415 timing reifyNode:node_modules/require-directory Completed in 974ms
416 http fetch GET 200 https://registry.npmjs.org/read-cache/-/read-cache-1.0.0.tgz 790ms (cache miss)
417 timing reifyNode:node_modules/read-cache Completed in 976ms
418 http fetch GET 200 https://registry.npmjs.org/postcss-js/-/postcss-js-4.0.1.tgz 811ms (cache miss)
419 timing reifyNode:node_modules/postcss-js Completed in 1002ms
420 http fetch GET 200 https://registry.npmjs.org/queue-microtask/-/queue-microtask-1.2.3.tgz 856ms (cache miss)
421 timing reifyNode:node_modules/queue-microtask Completed in 1042ms
422 http fetch GET 200 https://registry.npmjs.org/object-hash/-/object-hash-3.0.0.tgz 871ms (cache miss)
423 timing reifyNode:node_modules/object-hash Completed in 1107ms
424 http fetch GET 200 https://registry.npmjs.org/package-json-from-dist/-/package-json-from-dist-1.0.1.tgz 897ms (cache miss)
425 http fetch GET 200 https://registry.npmjs.org/readdirp/-/readdirp-4.0.2.tgz 926ms (cache miss)
426 http fetch GET 200 https://registry.npmjs.org/postcss-nested/-/postcss-nested-6.2.0.tgz 921ms (cache miss)
427 timing reifyNode:node_modules/postcss-nested Completed in 1111ms
428 http fetch GET 200 https://registry.npmjs.org/picocolors/-/picocolors-1.1.1.tgz 935ms (cache miss)
429 timing reifyNode:node_modules/picocolors Completed in 1144ms
430 http fetch GET 200 https://registry.npmjs.org/path-parse/-/path-parse-1.0.7.tgz 947ms (cache miss)
431 timing reifyNode:node_modules/path-parse Completed in 1173ms
432 timing reifyNode:node_modules/readdirp Completed in 1177ms
433 http fetch GET 200 https://registry.npmjs.org/reusify/-/reusify-1.0.4.tgz 1042ms (cache miss)
434 timing reifyNode:node_modules/reusify Completed in 1224ms
435 http fetch GET 200 https://registry.npmjs.org/postcss-import/-/postcss-import-15.1.0.tgz 1018ms (cache miss)
436 http fetch GET 200 https://registry.npmjs.org/normalize-path/-/normalize-path-3.0.0.tgz 1012ms (cache miss)
437 timing reifyNode:node_modules/normalize-path Completed in 1226ms
438 http fetch GET 200 https://registry.npmjs.org/normalize-range/-/normalize-range-0.1.2.tgz 1031ms (cache miss)
439 timing reifyNode:node_modules/normalize-range Completed in 1256ms
440 http fetch GET 200 https://registry.npmjs.org/is-glob/-/is-glob-4.0.3.tgz 1028ms (cache miss)
441 timing reifyNode:node_modules/is-glob Completed in 1256ms
442 http fetch GET 200 https://registry.npmjs.org/object-assign/-/object-assign-4.1.1.tgz 1048ms (cache miss)
443 timing reifyNode:node_modules/object-assign Completed in 1259ms
444 http fetch GET 200 https://registry.npmjs.org/mime-types/-/mime-types-2.1.35.tgz 1045ms (cache miss)
445 timing reifyNode:node_modules/mime-types Completed in 1260ms
446 http fetch GET 200 https://registry.npmjs.org/node-releases/-/node-releases-2.0.18.tgz 1033ms (cache miss)
447 http fetch GET 200 https://registry.npmjs.org/postcss-load-config/-/postcss-load-config-4.0.2.tgz 1101ms (cache miss)
448 timing reifyNode:node_modules/postcss-load-config Completed in 1309ms
449 timing reifyNode:node_modules/postcss-import Completed in 1312ms
450 http fetch GET 200 https://registry.npmjs.org/pify/-/pify-2.3.0.tgz 1106ms (cache miss)
451 timing reifyNode:node_modules/pify Completed in 1320ms
452 http fetch GET 200 https://registry.npmjs.org/lines-and-columns/-/lines-and-columns-1.2.4.tgz 1127ms (cache miss)
453 timing reifyNode:node_modules/lines-and-columns Completed in 1358ms
454 http fetch GET 200 https://registry.npmjs.org/isexe/-/isexe-2.0.0.tgz 1129ms (cache miss)
455 http fetch GET 200 https://registry.npmjs.org/is-fullwidth-code-point/-/is-fullwidth-code-point-3.0.0.tgz 1120ms (cache miss)
456 timing reifyNode:node_modules/is-fullwidth-code-point Completed in 1361ms
457 http fetch GET 200 https://registry.npmjs.org/has-flag/-/has-flag-4.0.0.tgz 1128ms (cache miss)
458 timing reifyNode:node_modules/has-flag Completed in 1361ms
459 http fetch GET 200 https://registry.npmjs.org/merge2/-/merge2-1.4.1.tgz 1145ms (cache miss)
460 timing reifyNode:node_modules/merge2 Completed in 1363ms
461 http fetch GET 200 https://registry.npmjs.org/mz/-/mz-2.7.0.tgz 1150ms (cache miss)
462 timing reifyNode:node_modules/isexe Completed in 1384ms
463 http fetch GET 200 https://registry.npmjs.org/is-binary-path/-/is-binary-path-2.1.0.tgz 1146ms (cache miss)
464 timing reifyNode:node_modules/is-binary-path Completed in 1387ms
465 http fetch GET 200 https://registry.npmjs.org/lilconfig/-/lilconfig-2.1.0.tgz 1163ms (cache miss)
466 timing reifyNode:node_modules/lilconfig Completed in 1389ms
467 timing reifyNode:node_modules/mz Completed in 1390ms
468 http fetch GET 200 https://registry.npmjs.org/ts-interface-checker/-/ts-interface-checker-0.1.13.tgz 1234ms (cache miss)
469 timing reifyNode:node_modules/ts-interface-checker Completed in 1394ms
470 http fetch GET 200 https://registry.npmjs.org/proxy-from-env/-/proxy-from-env-1.1.0.tgz 1216ms (cache miss)
471 timing reifyNode:node_modules/proxy-from-env Completed in 1404ms
472 http fetch GET 200 https://registry.npmjs.org/hasown/-/hasown-2.0.2.tgz 1162ms (cache miss)
473 http fetch GET 200 https://registry.npmjs.org/fastq/-/fastq-1.17.1.tgz 1175ms (cache miss)
474 timing reifyNode:node_modules/node-releases Completed in 1420ms
475 http fetch GET 200 https://registry.npmjs.org/glob-parent/-/glob-parent-6.0.2.tgz 1182ms (cache miss)
476 timing reifyNode:node_modules/glob-parent Completed in 1422ms
477 http fetch GET 200 https://registry.npmjs.org/postcss-value-parser/-/postcss-value-parser-4.2.0.tgz 1236ms (cache miss)
478 timing reifyNode:node_modules/postcss-value-parser Completed in 1423ms
479 http fetch GET 200 https://registry.npmjs.org/wrap-ansi/-/wrap-ansi-8.1.0.tgz 1192ms (cache miss)
480 timing reifyNode:node_modules/wrap-ansi Completed in 1426ms
481 http fetch GET 200 https://registry.npmjs.org/pirates/-/pirates-4.0.6.tgz 1214ms (cache miss)
482 timing reifyNode:node_modules/pirates Completed in 1425ms
483 timing reifyNode:node_modules/package-json-from-dist Completed in 1426ms
484 http fetch GET 200 https://registry.npmjs.org/wrap-ansi/-/wrap-ansi-7.0.0.tgz 1229ms (cache miss)
485 timing reifyNode:node_modules/wrap-ansi-cjs Completed in 1464ms
486 http fetch GET 200 https://registry.npmjs.org/get-caller-file/-/get-caller-file-2.0.5.tgz 1221ms (cache miss)
487 timing reifyNode:node_modules/get-caller-file Completed in 1462ms
488 http fetch GET 200 https://registry.npmjs.org/form-data/-/form-data-4.0.1.tgz 1223ms (cache miss)
489 http fetch GET 200 https://registry.npmjs.org/cross-spawn/-/cross-spawn-7.0.6.tgz 1216ms (cache miss)
490 http fetch GET 200 https://registry.npmjs.org/is-number/-/is-number-7.0.0.tgz 1248ms (cache miss)
491 timing reifyNode:node_modules/is-number Completed in 1477ms
492 http fetch GET 200 https://registry.npmjs.org/picomatch/-/picomatch-2.3.1.tgz 1260ms (cache miss)
493 timing reifyNode:node_modules/form-data Completed in 1480ms
494 http fetch GET 200 https://registry.npmjs.org/foreground-child/-/foreground-child-3.3.0.tgz 1237ms (cache miss)
495 timing reifyNode:node_modules/hasown Completed in 1480ms
496 http fetch GET 200 https://registry.npmjs.org/detect-libc/-/detect-libc-1.0.3.tgz 1232ms (cache miss)
497 timing reifyNode:node_modules/detect-libc Completed in 1481ms
498 http fetch GET 200 https://registry.npmjs.org/fill-range/-/fill-range-7.1.1.tgz 1238ms (cache miss)
499 timing reifyNode:node_modules/fill-range Completed in 1482ms
500 http fetch GET 200 https://registry.npmjs.org/color-convert/-/color-convert-2.0.1.tgz 1230ms (cache miss)
501 http fetch GET 200 https://registry.npmjs.org/color-name/-/color-name-1.1.4.tgz 1235ms (cache miss)
502 timing reifyNode:node_modules/color-name Completed in 1491ms
503 http fetch GET 200 https://registry.npmjs.org/mime-db/-/mime-db-1.52.0.tgz 1293ms (cache miss)
504 http fetch GET 200 https://registry.npmjs.org/fraction.js/-/fraction.js-4.3.7.tgz 1271ms (cache miss)
505 http fetch GET 200 https://registry.npmjs.org/escalade/-/escalade-3.2.0.tgz 1265ms (cache miss)
506 http fetch GET 200 https://registry.npmjs.org/eastasianwidth/-/eastasianwidth-0.2.0.tgz 1268ms (cache miss)
507 timing reifyNode:node_modules/eastasianwidth Completed in 1516ms
508 http fetch GET 200 https://registry.npmjs.org/delayed-stream/-/delayed-stream-1.0.0.tgz 1267ms (cache miss)
509 timing reifyNode:node_modules/delayed-stream Completed in 1516ms
510 http fetch GET 200 https://registry.npmjs.org/combined-stream/-/combined-stream-1.0.8.tgz 1261ms (cache miss)
511 timing reifyNode:node_modules/combined-stream Completed in 1517ms
512 timing reifyNode:node_modules/cross-spawn Completed in 1525ms
513 timing reifyNode:node_modules/picomatch Completed in 1530ms
514 http fetch GET 200 https://registry.npmjs.org/tslib/-/tslib-2.8.1.tgz 1377ms (cache miss)
515 timing reifyNode:node_modules/tslib Completed in 1535ms
516 timing reifyNode:node_modules/color-convert Completed in 1536ms
517 http fetch GET 200 https://registry.npmjs.org/is-extglob/-/is-extglob-2.1.1.tgz 1280ms (cache miss)
518 timing reifyNode:node_modules/is-extglob Completed in 1539ms
519 http fetch GET 200 https://registry.npmjs.org/cliui/-/cliui-8.0.1.tgz 1283ms (cache miss)
520 http fetch GET 200 https://registry.npmjs.org/dlv/-/dlv-1.1.3.tgz 1276ms (cache miss)
521 http fetch GET 200 https://registry.npmjs.org/is-core-module/-/is-core-module-2.15.1.tgz 1291ms (cache miss)
522 timing reifyNode:node_modules/mime-db Completed in 1557ms
523 timing reifyNode:node_modules/escalade Completed in 1562ms
524 http fetch GET 200 https://registry.npmjs.org/cssesc/-/cssesc-3.0.0.tgz 1306ms (cache miss)
525 timing reifyNode:node_modules/cssesc Completed in 1562ms
526 timing reifyNode:node_modules/dlv Completed in 1572ms
527 http fetch GET 200 https://registry.npmjs.org/ansi-regex/-/ansi-regex-6.1.0.tgz 1293ms (cache miss)
528 timing reifyNode:node_modules/ansi-regex Completed in 1574ms
529 http fetch GET 200 https://registry.npmjs.org/laravel-vite-plugin/-/laravel-vite-plugin-1.0.6.tgz 1354ms (cache miss)
530 http fetch GET 200 https://registry.npmjs.org/shell-quote/-/shell-quote-1.8.2.tgz 1411ms (cache miss)
531 timing reifyNode:node_modules/shell-quote Completed in 1584ms
532 timing reifyNode:node_modules/fraction.js Completed in 1583ms
533 http fetch GET 200 https://registry.npmjs.org/didyoumean/-/didyoumean-1.2.2.tgz 1337ms (cache miss)
534 timing reifyNode:node_modules/didyoumean Completed in 1585ms
535 http fetch GET 200 https://registry.npmjs.org/balanced-match/-/balanced-match-1.0.2.tgz 1329ms (cache miss)
536 timing reifyNode:node_modules/balanced-match Completed in 1591ms
537 http fetch GET 200 https://registry.npmjs.org/binary-extensions/-/binary-extensions-2.3.0.tgz 1319ms (cache miss)
538 timing reifyNode:node_modules/binary-extensions Completed in 1592ms
539 http fetch GET 200 https://registry.npmjs.org/anymatch/-/anymatch-3.1.3.tgz 1316ms (cache miss)
540 timing reifyNode:node_modules/anymatch Completed in 1593ms
541 http fetch GET 200 https://registry.npmjs.org/@jridgewell/gen-mapping/-/gen-mapping-0.3.5.tgz 1296ms (cache miss)
542 timing reifyNode:node_modules/cliui Completed in 1597ms
543 http fetch GET 200 https://registry.npmjs.org/any-promise/-/any-promise-1.3.0.tgz 1345ms (cache miss)
544 http fetch GET 200 https://registry.npmjs.org/asynckit/-/asynckit-0.4.0.tgz 1349ms (cache miss)
545 http fetch GET 200 https://registry.npmjs.org/camelcase-css/-/camelcase-css-2.0.1.tgz 1349ms (cache miss)
546 timing reifyNode:node_modules/camelcase-css Completed in 1630ms
547 http fetch GET 200 https://registry.npmjs.org/micromatch/-/micromatch-4.0.8.tgz 1419ms (cache miss)
548 timing reifyNode:node_modules/micromatch Completed in 1636ms
549 http fetch GET 200 https://registry.npmjs.org/yargs-parser/-/yargs-parser-21.1.1.tgz 1492ms (cache miss)
550 timing reifyNode:node_modules/yargs-parser Completed in 1642ms
551 http fetch GET 200 https://registry.npmjs.org/follow-redirects/-/follow-redirects-1.15.9.tgz 1356ms (cache miss)
552 timing reifyNode:node_modules/follow-redirects Completed in 1641ms
553 http fetch GET 200 https://registry.npmjs.org/@isaacs/cliui/-/cliui-8.0.2.tgz 1337ms (cache miss)
554 http fetch GET 200 https://registry.npmjs.org/braces/-/braces-3.0.3.tgz 1389ms (cache miss)
555 http fetch GET 200 https://registry.npmjs.org/ansi-styles/-/ansi-styles-4.3.0.tgz 1373ms (cache miss)
556 timing reifyNode:node_modules/ansi-styles Completed in 1652ms
557 timing reifyNode:node_modules/laravel-vite-plugin Completed in 1654ms
558 http fetch GET 200 https://registry.npmjs.org/@types/estree/-/estree-1.0.6.tgz 1380ms (cache miss)
559 timing reifyNode:node_modules/@types/estree Completed in 1661ms
560 timing reifyNode:node_modules/braces Completed in 1666ms
561 timing reifyNode:node_modules/is-core-module Completed in 1667ms
562 http fetch GET 200 https://registry.npmjs.org/chalk/-/chalk-4.1.2.tgz 1368ms (cache miss)
563 http fetch GET 200 https://registry.npmjs.org/@nodelib/fs.stat/-/fs.stat-2.0.5.tgz 1370ms (cache miss)
564 http fetch GET 200 https://registry.npmjs.org/brace-expansion/-/brace-expansion-2.0.1.tgz 1385ms (cache miss)
565 timing reifyNode:node_modules/brace-expansion Completed in 1672ms
566 http fetch GET 200 https://registry.npmjs.org/strip-ansi/-/strip-ansi-6.0.1.tgz 1369ms (cache miss)
567 timing reifyNode:node_modules/yargs/node_modules/strip-ansi Completed in 1680ms
568 http fetch GET 200 https://registry.npmjs.org/strip-ansi/-/strip-ansi-6.0.1.tgz 1370ms (cache miss)
569 timing reifyNode:node_modules/wrap-ansi-cjs/node_modules/strip-ansi Completed in 1682ms
570 http fetch GET 200 https://registry.npmjs.org/string-width/-/string-width-4.2.3.tgz 1373ms (cache miss)
571 timing reifyNode:node_modules/yargs/node_modules/string-width Completed in 1684ms
572 http fetch GET 200 https://registry.npmjs.org/browserslist/-/browserslist-4.24.2.tgz 1428ms (cache miss)
573 timing reifyNode:node_modules/chalk Completed in 1691ms
574 http fetch GET 200 https://registry.npmjs.org/@alloc/quick-lru/-/quick-lru-5.2.0.tgz 1412ms (cache miss)
575 timing reifyNode:node_modules/@alloc/quick-lru Completed in 1717ms
576 http fetch GET 200 https://registry.npmjs.org/emoji-regex/-/emoji-regex-8.0.0.tgz 1422ms (cache miss)
577 http fetch GET 200 https://registry.npmjs.org/function-bind/-/function-bind-1.1.2.tgz 1422ms (cache miss)
578 http fetch GET 200 https://registry.npmjs.org/electron-to-chromium/-/electron-to-chromium-1.5.66.tgz 1503ms (cache miss)
579 http fetch GET 200 https://registry.npmjs.org/@jridgewell/set-array/-/set-array-1.2.1.tgz 1446ms (cache miss)
580 http fetch GET 200 https://registry.npmjs.org/ansi-regex/-/ansi-regex-5.0.1.tgz 1441ms (cache miss)
581 timing reifyNode:node_modules/yargs/node_modules/ansi-regex Completed in 1755ms
582 http fetch GET 200 https://registry.npmjs.org/emoji-regex/-/emoji-regex-8.0.0.tgz 1433ms (cache miss)
583 timing reifyNode:node_modules/browserslist Completed in 1753ms
584 timing reifyNode:node_modules/yargs/node_modules/emoji-regex Completed in 1804ms
585 timing reifyNode:node_modules/@isaacs/cliui Completed in 1799ms
586 http fetch GET 200 https://registry.npmjs.org/ansi-regex/-/ansi-regex-5.0.1.tgz 1476ms (cache miss)
587 timing reifyNode:node_modules/wrap-ansi-cjs/node_modules/ansi-regex Completed in 1805ms
588 http fetch GET 200 https://registry.npmjs.org/ansi-regex/-/ansi-regex-5.0.1.tgz 1477ms (cache miss)
589 timing reifyNode:node_modules/string-width-cjs/node_modules/ansi-regex Completed in 1806ms
590 http fetch GET 200 https://registry.npmjs.org/strip-ansi/-/strip-ansi-6.0.1.tgz 1478ms (cache miss)
591 timing reifyNode:node_modules/string-width-cjs/node_modules/strip-ansi Completed in 1806ms
592 http fetch GET 200 https://registry.npmjs.org/emoji-regex/-/emoji-regex-8.0.0.tgz 1474ms (cache miss)
593 http fetch GET 200 https://registry.npmjs.org/ansi-regex/-/ansi-regex-5.0.1.tgz 1473ms (cache miss)
594 timing reifyNode:node_modules/cliui/node_modules/ansi-regex Completed in 1805ms
595 http fetch GET 200 https://registry.npmjs.org/string-width/-/string-width-4.2.3.tgz 1476ms (cache miss)
596 timing reifyNode:node_modules/cliui/node_modules/string-width Completed in 1806ms
597 http fetch GET 200 https://registry.npmjs.org/ansi-regex/-/ansi-regex-5.0.1.tgz 1478ms (cache miss)
598 timing reifyNode:node_modules/strip-ansi-cjs/node_modules/ansi-regex Completed in 1809ms
599 http fetch GET 200 https://registry.npmjs.org/lilconfig/-/lilconfig-3.1.2.tgz 1479ms (cache miss)
600 timing reifyNode:node_modules/postcss-load-config/node_modules/lilconfig Completed in 1812ms
601 http fetch GET 200 https://registry.npmjs.org/path-key/-/path-key-3.1.1.tgz 1477ms (cache miss)
602 timing reifyNode:node_modules/path-key Completed in 1818ms
603 timing reifyNode:node_modules/fastq Completed in 1824ms
604 timing reifyNode:node_modules/wrap-ansi-cjs/node_modules/emoji-regex Completed in 1866ms
605 http fetch GET 200 https://registry.npmjs.org/ansi-styles/-/ansi-styles-6.2.1.tgz 1545ms (cache miss)
606 timing reifyNode:node_modules/wrap-ansi/node_modules/ansi-styles Completed in 1870ms
607 http fetch GET 200 https://registry.npmjs.org/readdirp/-/readdirp-3.6.0.tgz 1545ms (cache miss)
608 timing reifyNode:node_modules/tailwindcss/node_modules/readdirp Completed in 1870ms
609 http fetch GET 200 https://registry.npmjs.org/supports-color/-/supports-color-7.2.0.tgz 1533ms (cache miss)
610 timing reifyNode:node_modules/chalk/node_modules/supports-color Completed in 1868ms
611 http fetch GET 200 https://registry.npmjs.org/@jridgewell/resolve-uri/-/resolve-uri-3.1.2.tgz 1512ms (cache miss)
612 http fetch GET 200 https://registry.npmjs.org/arg/-/arg-5.0.2.tgz 1504ms (cache miss)
613 timing reifyNode:node_modules/arg Completed in 1869ms
614 http fetch GET 200 https://registry.npmjs.org/strip-ansi/-/strip-ansi-6.0.1.tgz 1466ms (cache miss)
615 timing reifyNode:node_modules/cliui/node_modules/strip-ansi Completed in 1872ms
616 http fetch GET 200 https://registry.npmjs.org/wrap-ansi/-/wrap-ansi-7.0.0.tgz 1538ms (cache miss)
617 timing reifyNode:node_modules/cliui/node_modules/wrap-ansi Completed in 1873ms
618 timing reifyNode:node_modules/electron-to-chromium Completed in 1874ms
619 http fetch GET 200 https://registry.npmjs.org/emoji-regex/-/emoji-regex-8.0.0.tgz 1501ms (cache miss)
620 timing reifyNode:node_modules/@jridgewell/set-array Completed in 1873ms
621 http fetch GET 200 https://registry.npmjs.org/glob-parent/-/glob-parent-5.1.2.tgz 1544ms (cache miss)
622 timing reifyNode:node_modules/fast-glob/node_modules/glob-parent Completed in 1877ms
623 http fetch GET 200 https://registry.npmjs.org/string-width/-/string-width-4.2.3.tgz 1514ms (cache miss)
624 timing reifyNode:node_modules/wrap-ansi-cjs/node_modules/string-width Completed in 1880ms
625 http fetch GET 200 https://registry.npmjs.org/emoji-regex/-/emoji-regex-9.2.2.tgz 1639ms (cache miss)
626 http fetch GET 200 https://registry.npmjs.org/esbuild/-/esbuild-0.21.5.tgz 1641ms (cache miss)
627 timing reifyNode:node_modules/esbuild Completed in 1887ms
628 http fetch GET 200 https://registry.npmjs.org/commander/-/commander-4.1.1.tgz 1627ms (cache miss)
629 timing reifyNode:node_modules/commander Completed in 1887ms
630 http fetch GET 200 https://registry.npmjs.org/glob-parent/-/glob-parent-5.1.2.tgz 1558ms (cache miss)
631 timing reifyNode:node_modules/tailwindcss/node_modules/chokidar/node_modules/glob-parent Completed in 1890ms
632 timing reifyNode:node_modules/string-width-cjs/node_modules/emoji-regex Completed in 1890ms
633 http fetch GET 200 https://registry.npmjs.org/nanoid/-/nanoid-3.3.8.tgz 1679ms (cache miss)
634 http fetch GET 200 https://registry.npmjs.org/chokidar/-/chokidar-3.6.0.tgz 1570ms (cache miss)
635 timing reifyNode:node_modules/asynckit Completed in 1899ms
636 timing reifyNode:node_modules/cliui/node_modules/emoji-regex Completed in 1901ms
637 http fetch GET 200 https://registry.npmjs.org/@jridgewell/sourcemap-codec/-/sourcemap-codec-1.5.0.tgz 1604ms (cache miss)
638 http fetch GET 200 https://registry.npmjs.org/signal-exit/-/signal-exit-4.1.0.tgz 1741ms (cache miss)
639 timing reifyNode:node_modules/emoji-regex Completed in 1911ms
640 timing reifyNode:node_modules/@jridgewell/resolve-uri Completed in 1910ms
641 timing reifyNode:node_modules/@jridgewell/gen-mapping Completed in 1912ms
642 timing reifyNode:node_modules/nanoid Completed in 1915ms
643 timing reifyNode:node_modules/signal-exit Completed in 1918ms
644 timing reifyNode:node_modules/function-bind Completed in 1919ms
645 timing reifyNode:node_modules/tailwindcss/node_modules/chokidar Completed in 1922ms
646 http fetch GET 200 https://registry.npmjs.org/@pkgjs/parseargs/-/parseargs-0.11.0.tgz 1636ms (cache miss)
647 timing reifyNode:node_modules/@jridgewell/sourcemap-codec Completed in 1925ms
648 http fetch GET 200 https://registry.npmjs.org/source-map-js/-/source-map-js-1.2.1.tgz 1770ms (cache miss)
649 timing reifyNode:node_modules/source-map-js Completed in 1939ms
650 timing reifyNode:node_modules/@pkgjs/parseargs Completed in 1940ms
651 timing reifyNode:node_modules/@nodelib/fs.stat Completed in 1941ms
652 http fetch GET 200 https://registry.npmjs.org/@nodelib/fs.scandir/-/fs.scandir-2.1.5.tgz 1678ms (cache miss)
653 http fetch GET 200 https://registry.npmjs.org/@jridgewell/trace-mapping/-/trace-mapping-0.3.25.tgz 1696ms (cache miss)
654 http fetch GET 200 https://registry.npmjs.org/node-addon-api/-/node-addon-api-7.1.1.tgz 1778ms (cache miss)
655 timing reifyNode:node_modules/@nodelib/fs.scandir Completed in 1996ms
656 http fetch GET 200 https://registry.npmjs.org/@nodelib/fs.walk/-/fs.walk-1.2.8.tgz 1713ms (cache miss)
657 timing reifyNode:node_modules/@jridgewell/trace-mapping Completed in 2001ms
658 timing reifyNode:node_modules/node-addon-api Completed in 2006ms
659 http fetch GET 200 https://registry.npmjs.org/path-scurry/-/path-scurry-1.11.1.tgz 1812ms (cache miss)
660 timing reifyNode:node_modules/any-promise Completed in 2021ms
661 timing reifyNode:node_modules/@nodelib/fs.walk Completed in 2029ms
662 timing reifyNode:node_modules/path-scurry Completed in 2042ms
663 timing reifyNode:node_modules/foreground-child Completed in 2049ms
664 http fetch GET 200 https://registry.npmjs.org/chokidar/-/chokidar-4.0.1.tgz 1809ms (cache miss)
665 timing reifyNode:node_modules/chokidar Completed in 2069ms
666 http fetch GET 200 https://registry.npmjs.org/@parcel/watcher-linux-arm64-glibc/-/watcher-linux-arm64-glibc-2.5.0.tgz 1780ms (cache miss)
667 timing reifyNode:node_modules/@parcel/watcher-linux-arm64-glibc Completed in 2075ms
668 http fetch GET 200 https://registry.npmjs.org/minipass/-/minipass-7.1.2.tgz 1879ms (cache miss)
669 timing reifyNode:node_modules/minipass Completed in 2094ms
670 http fetch GET 200 https://registry.npmjs.org/@parcel/watcher-linux-arm64-musl/-/watcher-linux-arm64-musl-2.5.0.tgz 1837ms (cache miss)
671 timing reifyNode:node_modules/@parcel/watcher-linux-arm64-musl Completed in 2124ms
672 http fetch GET 200 https://registry.npmjs.org/jackspeak/-/jackspeak-3.4.3.tgz 1909ms (cache miss)
673 timing reifyNode:node_modules/jackspeak Completed in 2138ms
674 http fetch GET 200 https://registry.npmjs.org/@parcel/watcher/-/watcher-2.5.0.tgz 1900ms (cache miss)
675 http fetch GET 200 https://registry.npmjs.org/postcss-selector-parser/-/postcss-selector-parser-6.1.2.tgz 2015ms (cache miss)
676 timing reifyNode:node_modules/postcss-selector-parser Completed in 2203ms
677 http fetch GET 200 https://registry.npmjs.org/postcss/-/postcss-8.4.49.tgz 2003ms (cache miss)
678 http fetch GET 200 https://registry.npmjs.org/immutable/-/immutable-5.0.3.tgz 1950ms (cache miss)
679 timing reifyNode:node_modules/immutable Completed in 2211ms
680 timing reifyNode:node_modules/@parcel/watcher Completed in 2212ms
681 http fetch GET 200 https://registry.npmjs.org/fast-glob/-/fast-glob-3.3.2.tgz 1972ms (cache miss)
682 timing reifyNode:node_modules/postcss Completed in 2221ms
683 timing reifyNode:node_modules/fast-glob Completed in 2222ms
684 http fetch GET 200 https://registry.npmjs.org/minimatch/-/minimatch-9.0.5.tgz 2039ms (cache miss)
685 timing reifyNode:node_modules/minimatch Completed in 2263ms
686 http fetch GET 200 https://registry.npmjs.org/yargs/-/yargs-17.7.2.tgz 2137ms (cache miss)
687 timing reifyNode:node_modules/yargs Completed in 2301ms
688 http fetch GET 200 https://registry.npmjs.org/glob/-/glob-10.4.5.tgz 2056ms (cache miss)
689 http fetch GET 200 https://registry.npmjs.org/lru-cache/-/lru-cache-10.4.3.tgz 2078ms (cache miss)
690 timing reifyNode:node_modules/lru-cache Completed in 2304ms
691 timing reifyNode:node_modules/glob Completed in 2304ms
692 http fetch GET 200 https://registry.npmjs.org/autoprefixer/-/autoprefixer-10.4.20.tgz 2040ms (cache miss)
693 timing reifyNode:node_modules/autoprefixer Completed in 2368ms
694 http fetch GET 200 https://registry.npmjs.org/concurrently/-/concurrently-9.1.0.tgz 2124ms (cache miss)
695 timing reifyNode:node_modules/concurrently Completed in 2387ms
696 http fetch GET 200 https://registry.npmjs.org/jiti/-/jiti-1.21.6.tgz 2429ms (cache miss)
697 timing reifyNode:node_modules/jiti Completed in 2753ms
698 http fetch GET 200 https://registry.npmjs.org/@rollup/rollup-linux-arm64-musl/-/rollup-linux-arm64-musl-4.27.4.tgz 2551ms (cache miss)
699 timing reifyNode:node_modules/@rollup/rollup-linux-arm64-musl Completed in 2833ms
700 http fetch GET 200 https://registry.npmjs.org/@rollup/rollup-linux-arm64-gnu/-/rollup-linux-arm64-gnu-4.27.4.tgz 2553ms (cache miss)
701 timing reifyNode:node_modules/@rollup/rollup-linux-arm64-gnu Completed in 2837ms
702 http fetch GET 200 https://registry.npmjs.org/resolve/-/resolve-1.22.8.tgz 2740ms (cache miss)
703 timing reifyNode:node_modules/resolve Completed in 2932ms
704 http fetch GET 200 https://registry.npmjs.org/rollup/-/rollup-4.27.4.tgz 2788ms (cache miss)
705 timing reifyNode:node_modules/rollup Completed in 2972ms
706 http fetch GET 200 https://registry.npmjs.org/axios/-/axios-1.7.8.tgz 2802ms (cache miss)
707 timing reifyNode:node_modules/axios Completed in 3081ms
708 http fetch GET 200 https://registry.npmjs.org/vite/-/vite-5.4.11.tgz 3052ms (cache miss)
709 timing reifyNode:node_modules/vite Completed in 3208ms
710 http fetch GET 200 https://registry.npmjs.org/sucrase/-/sucrase-3.35.0.tgz 3238ms (cache miss)
711 timing reifyNode:node_modules/sucrase Completed in 3404ms
712 http fetch GET 200 https://registry.npmjs.org/yaml/-/yaml-2.6.1.tgz 3225ms (cache miss)
713 timing reifyNode:node_modules/yaml Completed in 3462ms
714 http fetch GET 200 https://registry.npmjs.org/sass/-/sass-1.81.0.tgz 3310ms (cache miss)
715 timing reifyNode:node_modules/sass Completed in 3488ms
716 http fetch GET 200 https://registry.npmjs.org/@popperjs/core/-/core-2.11.8.tgz 3268ms (cache miss)
717 timing reifyNode:node_modules/@popperjs/core Completed in 3557ms
718 http fetch GET 200 https://registry.npmjs.org/@esbuild/linux-arm64/-/linux-arm64-0.21.5.tgz 3687ms (cache miss)
719 timing reifyNode:node_modules/@esbuild/linux-arm64 Completed in 3992ms
720 http fetch GET 200 https://registry.npmjs.org/tailwindcss/-/tailwindcss-3.4.15.tgz 3890ms (cache miss)
721 timing reifyNode:node_modules/tailwindcss Completed in 4056ms
722 http fetch GET 200 https://registry.npmjs.org/bootstrap/-/bootstrap-5.3.3.tgz 4135ms (cache miss)
723 timing reifyNode:node_modules/bootstrap Completed in 4400ms
724 http fetch GET 200 https://registry.npmjs.org/caniuse-lite/-/caniuse-lite-1.0.30001684.tgz 4333ms (cache miss)
725 timing reifyNode:node_modules/caniuse-lite Completed in 4593ms
726 http fetch GET 200 https://registry.npmjs.org/lodash/-/lodash-4.17.21.tgz 4383ms (cache miss)
727 timing reifyNode:node_modules/lodash Completed in 4603ms
728 http fetch GET 200 https://registry.npmjs.org/rxjs/-/rxjs-7.8.1.tgz 5128ms (cache miss)
729 timing reifyNode:node_modules/rxjs Completed in 5304ms
730 timing reify:unpack Completed in 5306ms
731 timing reify:unretire Completed in 0ms
732 timing build:queue Completed in 21ms
733 timing build:link:node_modules/detect-libc Completed in 20ms
734 timing build:link:node_modules/cssesc Completed in 21ms
735 timing build:link:node_modules/rollup Completed in 21ms
736 timing build:link:node_modules/nanoid Completed in 21ms
737 timing build:link:node_modules/laravel-vite-plugin Completed in 21ms
738 timing build:link:node_modules/sucrase Completed in 20ms
739 timing build:link:node_modules/vite Completed in 20ms
740 timing build:link:node_modules/tailwindcss Completed in 20ms
741 timing build:link:node_modules/tree-kill Completed in 20ms
742 timing build:link:node_modules/update-browserslist-db Completed in 20ms
743 timing build:link:node_modules/sass Completed in 22ms
744 timing build:link:node_modules/autoprefixer Completed in 25ms
745 timing build:link:node_modules/yaml Completed in 21ms
746 timing build:link:node_modules/glob Completed in 22ms
747 timing build:link:node_modules/jiti Completed in 22ms
748 timing build:link:node_modules/which Completed in 21ms
749 timing build:link:node_modules/concurrently Completed in 23ms
750 timing build:link:node_modules/resolve Completed in 22ms
751 timing build:link:node_modules/browserslist Completed in 24ms
752 timing build:link:node_modules/esbuild Completed in 22ms
753 timing build:link Completed in 25ms
754 info run @parcel/watcher@2.5.0 install node_modules/@parcel/watcher node scripts/build-from-source.js
755 info run @parcel/watcher@2.5.0 install { code: 0, signal: null }
756 timing build:run:install:node_modules/@parcel/watcher Completed in 166ms
757 timing build:run:install Completed in 166ms
758 info run esbuild@0.21.5 postinstall node_modules/esbuild node install.js
759 info run esbuild@0.21.5 postinstall { code: 0, signal: null }
760 timing build:run:postinstall:node_modules/esbuild Completed in 205ms
761 timing build:run:postinstall Completed in 205ms
762 timing build:deps Completed in 420ms
763 timing build Completed in 421ms
764 timing reify:build Completed in 422ms
765 timing reify:trash Completed in 11ms
766 timing reify:save Completed in 51ms
767 timing reify Completed in 6027ms
768 silly ADD node_modules/yargs-parser
769 silly ADD node_modules/yargs
770 silly ADD node_modules/yargs/node_modules/strip-ansi
771 silly ADD node_modules/yargs/node_modules/string-width
772 silly ADD node_modules/yargs/node_modules/emoji-regex
773 silly ADD node_modules/yargs/node_modules/ansi-regex
774 silly ADD node_modules/yaml
775 silly ADD node_modules/y18n
776 silly ADD node_modules/wrap-ansi-cjs
777 silly ADD node_modules/wrap-ansi-cjs/node_modules/strip-ansi
778 silly ADD node_modules/wrap-ansi-cjs/node_modules/string-width
779 silly ADD node_modules/wrap-ansi-cjs/node_modules/emoji-regex
780 silly ADD node_modules/wrap-ansi-cjs/node_modules/ansi-regex
781 silly ADD node_modules/wrap-ansi
782 silly ADD node_modules/wrap-ansi/node_modules/ansi-styles
783 silly ADD node_modules/which
784 silly ADD node_modules/vite-plugin-full-reload
785 silly ADD node_modules/vite
786 silly ADD node_modules/util-deprecate
787 silly ADD node_modules/update-browserslist-db
788 silly ADD node_modules/tslib
789 silly ADD node_modules/ts-interface-checker
790 silly ADD node_modules/tree-kill
791 silly ADD node_modules/to-regex-range
792 silly ADD node_modules/thenify-all
793 silly ADD node_modules/thenify
794 silly ADD node_modules/tailwindcss
795 silly ADD node_modules/tailwindcss/node_modules/readdirp
796 silly ADD node_modules/tailwindcss/node_modules/chokidar
797 silly ADD node_modules/tailwindcss/node_modules/chokidar/node_modules/glob-parent
798 silly ADD node_modules/supports-preserve-symlinks-flag
799 silly ADD node_modules/supports-color
800 silly ADD node_modules/sucrase
801 silly ADD node_modules/strip-ansi-cjs
802 silly ADD node_modules/strip-ansi-cjs/node_modules/ansi-regex
803 silly ADD node_modules/strip-ansi
804 silly ADD node_modules/string-width-cjs
805 silly ADD node_modules/string-width-cjs/node_modules/strip-ansi
806 silly ADD node_modules/string-width-cjs/node_modules/emoji-regex
807 silly ADD node_modules/string-width-cjs/node_modules/ansi-regex
808 silly ADD node_modules/string-width
809 silly ADD node_modules/source-map-js
810 silly ADD node_modules/signal-exit
811 silly ADD node_modules/shell-quote
812 silly ADD node_modules/shebang-regex
813 silly ADD node_modules/shebang-command
814 silly ADD node_modules/sass
815 silly ADD node_modules/rxjs
816 silly ADD node_modules/run-parallel
817 silly ADD node_modules/rollup
818 silly ADD node_modules/reusify
819 silly ADD node_modules/resolve
820 silly ADD node_modules/require-directory
821 silly ADD node_modules/readdirp
822 silly ADD node_modules/read-cache
823 silly ADD node_modules/queue-microtask
824 silly ADD node_modules/proxy-from-env
825 silly ADD node_modules/postcss-value-parser
826 silly ADD node_modules/postcss-selector-parser
827 silly ADD node_modules/postcss-nested
828 silly ADD node_modules/postcss-load-config
829 silly ADD node_modules/postcss-load-config/node_modules/lilconfig
830 silly ADD node_modules/postcss-js
831 silly ADD node_modules/postcss-import
832 silly ADD node_modules/postcss
833 silly ADD node_modules/pirates
834 silly ADD node_modules/pify
835 silly ADD node_modules/picomatch
836 silly ADD node_modules/picocolors
837 silly ADD node_modules/path-scurry
838 silly ADD node_modules/path-parse
839 silly ADD node_modules/path-key
840 silly ADD node_modules/package-json-from-dist
841 silly ADD node_modules/object-hash
842 silly ADD node_modules/object-assign
843 silly ADD node_modules/normalize-range
844 silly ADD node_modules/normalize-path
845 silly ADD node_modules/node-releases
846 silly ADD node_modules/node-addon-api
847 silly ADD node_modules/nanoid
848 silly ADD node_modules/mz
849 silly ADD node_modules/minipass
850 silly ADD node_modules/minimatch
851 silly ADD node_modules/mime-types
852 silly ADD node_modules/mime-db
853 silly ADD node_modules/micromatch
854 silly ADD node_modules/merge2
855 silly ADD node_modules/lru-cache
856 silly ADD node_modules/lodash
857 silly ADD node_modules/lines-and-columns
858 silly ADD node_modules/lilconfig
859 silly ADD node_modules/laravel-vite-plugin
860 silly ADD node_modules/jiti
861 silly ADD node_modules/jackspeak
862 silly ADD node_modules/isexe
863 silly ADD node_modules/is-number
864 silly ADD node_modules/is-glob
865 silly ADD node_modules/is-fullwidth-code-point
866 silly ADD node_modules/is-extglob
867 silly ADD node_modules/is-core-module
868 silly ADD node_modules/is-binary-path
869 silly ADD node_modules/immutable
870 silly ADD node_modules/hasown
871 silly ADD node_modules/has-flag
872 silly ADD node_modules/glob-parent
873 silly ADD node_modules/glob
874 silly ADD node_modules/get-caller-file
875 silly ADD node_modules/function-bind
876 silly ADD
877 silly ADD node_modules/fraction.js
878 silly ADD node_modules/form-data
879 silly ADD node_modules/foreground-child
880 silly ADD node_modules/follow-redirects
881 silly ADD node_modules/fill-range
882 silly ADD node_modules/fastq
883 silly ADD node_modules/fast-glob
884 silly ADD node_modules/fast-glob/node_modules/glob-parent
885 silly ADD node_modules/escalade
886 silly ADD node_modules/esbuild
887 silly ADD node_modules/emoji-regex
888 silly ADD node_modules/electron-to-chromium
889 silly ADD node_modules/eastasianwidth
890 silly ADD node_modules/dlv
891 silly ADD node_modules/didyoumean
892 silly ADD node_modules/detect-libc
893 silly ADD node_modules/delayed-stream
894 silly ADD node_modules/cssesc
895 silly ADD node_modules/cross-spawn
896 silly ADD node_modules/concurrently
897 silly ADD node_modules/commander
898 silly ADD node_modules/combined-stream
899 silly ADD node_modules/color-name
900 silly ADD node_modules/color-convert
901 silly ADD node_modules/cliui
902 silly ADD node_modules/cliui/node_modules/wrap-ansi
903 silly ADD node_modules/cliui/node_modules/strip-ansi
904 silly ADD node_modules/cliui/node_modules/string-width
905 silly ADD node_modules/cliui/node_modules/emoji-regex
906 silly ADD node_modules/cliui/node_modules/ansi-regex
907 silly ADD node_modules/chokidar
908 silly ADD node_modules/chalk
909 silly ADD node_modules/chalk/node_modules/supports-color
910 silly ADD node_modules/caniuse-lite
911 silly ADD node_modules/camelcase-css
912 silly ADD node_modules/browserslist
913 silly ADD node_modules/braces
914 silly ADD node_modules/brace-expansion
915 silly ADD node_modules/bootstrap
916 silly ADD node_modules/binary-extensions
917 silly ADD node_modules/balanced-match
918 silly ADD node_modules/axios
919 silly ADD node_modules/autoprefixer
920 silly ADD node_modules/asynckit
921 silly ADD node_modules/arg
922 silly ADD node_modules/anymatch
923 silly ADD node_modules/any-promise
924 silly ADD node_modules/ansi-styles
925 silly ADD node_modules/ansi-regex
926 silly ADD node_modules/@types/estree
927 silly ADD
928 silly ADD
929 silly ADD
930 silly ADD
931 silly ADD
932 silly ADD
933 silly ADD
934 silly ADD
935 silly ADD node_modules/@rollup/rollup-linux-arm64-musl
936 silly ADD node_modules/@rollup/rollup-linux-arm64-gnu
937 silly ADD
938 silly ADD
939 silly ADD
940 silly ADD
941 silly ADD
942 silly ADD
943 silly ADD
944 silly ADD
945 silly ADD node_modules/@popperjs/core
946 silly ADD node_modules/@pkgjs/parseargs
947 silly ADD
948 silly ADD
949 silly ADD
950 silly ADD
951 silly ADD
952 silly ADD node_modules/@parcel/watcher-linux-arm64-musl
953 silly ADD node_modules/@parcel/watcher-linux-arm64-glibc
954 silly ADD
955 silly ADD
956 silly ADD
957 silly ADD
958 silly ADD
959 silly ADD
960 silly ADD node_modules/@parcel/watcher
961 silly ADD node_modules/@nodelib/fs.walk
962 silly ADD node_modules/@nodelib/fs.stat
963 silly ADD node_modules/@nodelib/fs.scandir
964 silly ADD node_modules/@jridgewell/trace-mapping
965 silly ADD node_modules/@jridgewell/sourcemap-codec
966 silly ADD node_modules/@jridgewell/set-array
967 silly ADD node_modules/@jridgewell/resolve-uri
968 silly ADD node_modules/@jridgewell/gen-mapping
969 silly ADD node_modules/@isaacs/cliui
970 silly ADD
971 silly ADD
972 silly ADD
973 silly ADD
974 silly ADD
975 silly ADD
976 silly ADD
977 silly ADD
978 silly ADD
979 silly ADD
980 silly ADD
981 silly ADD
982 silly ADD
983 silly ADD node_modules/@esbuild/linux-arm64
984 silly ADD
985 silly ADD
986 silly ADD
987 silly ADD
988 silly ADD
989 silly ADD
990 silly ADD
991 silly ADD
992 silly ADD
993 silly ADD node_modules/@alloc/quick-lru
994 timing command:install Completed in 6047ms
995 verbose exit 0
996 timing npm Completed in 6076ms
997 info ok
